region	chr	start	end	arm	cyto	overlappedGeneNumDensity	genename
chr1:14490001-14500000	chr1	14490001	14500000	1p	qA3	1	
chr1:24820001-24830000	chr1	24820001	24830000	1p	qA5	1	
chr1:26020001-26030000	chr1	26020001	26030000	1p	qA5	1	
chr1:40490001-40500000	chr1	40490001	40500000	1p	qB	2	Il18r1
chr1:57620001-57630000	chr1	57620001	57630000	1p	qC1.3	1	
chr1:59530001-59540000	chr1	59530001	59540000	1p	qC2	3	Gm973,1700122D07Rik,Gm28411
chr1:60390001-60400000	chr1	60390001	60400000	1p	qC2	1	
chr1:61060001-61070000	chr1	61060001	61070000	1p	qC2	1	
chr1:62470001-62480000	chr1	62470001	62480000	1p	qC2	2	Pard3b,Pard3bos3
chr1:67150001-67160000	chr1	67150001	67160000	1p	qC3	1	Cps1
chr1:67490001-67500000	chr1	67490001	67500000	1p	qC3	1	
chr1:73590001-73600000	chr1	73590001	73600000	1p	qC3	1	
chr1:76030001-76040000	chr1	76030001	76040000	1p	qC4	1	
chr1:79180001-79190000	chr1	79180001	79190000	1p	qC4	1	Gm29536
chr1:84220001-84230000	chr1	84220001	84230000	1p	qC5	1	Pid1
chr1:94860001-94870000	chr1	94860001	94870000	1p	qD	1	
chr1:113420001-113430000	chr1	113420001	113430000	1p	qE2.2	1	
chr1:115530001-115540000	chr1	115530001	115540000	1p	qE2.3	1	
chr1:116750001-116760000	chr1	116750001	116760000	1p	qE2.3	1	
chr1:128400001-128410000	chr1	128400001	128410000	1q	qE3	1	Dars
chr1:130070001-130080000	chr1	130070001	130080000	1q	qE4	1	Thsd7b
chr1:134280001-134290000	chr1	134280001	134290000	1q	qE4	2	Gm25524,Myog
chr1:140520001-140530000	chr1	140520001	140530000	1q	qF	1	Kcnt2
chr1:142230001-142240000	chr1	142230001	142240000	1q	qF	1	
chr1:146650001-146660000	chr1	146650001	146660000	1q	qF	1	Brinp3
chr1:146940001-146950000	chr1	146940001	146950000	1q	qF	1	
chr1:148010001-148020000	chr1	148010001	148020000	1q	qG1	1	
chr1:148110001-148120000	chr1	148110001	148120000	1q	qG1	1	
chr1:149540001-149550000	chr1	149540001	149550000	1q	qG1	1	
chr1:150510001-150520000	chr1	150510001	150520000	1q	qG1	1	
chr1:151370001-151380000	chr1	151370001	151380000	1q	qG1	1	Swt1
chr1:153460001-153470000	chr1	153460001	153470000	1q	qG3	1	Dhx9
chr1:157950001-157960000	chr1	157950001	157960000	1q	qH1	1	Gm38256
chr1:159040001-159050000	chr1	159040001	159050000	1q	qH1	1	
chr1:165490001-165500000	chr1	165490001	165500000	1q	qH2.2	4	Gm38325,Adcy10,NA,Gm18186
chr1:167360001-167370000	chr1	167360001	167370000	1q	qH2.3	1	Aldh9a1
chr1:169560001-169570000	chr1	169560001	169570000	1q	qH2.3	1	
chr1:174450001-174460000	chr1	174450001	174460000	1q	qH3	1	Or6y1
chr1:175530001-175540000	chr1	175530001	175540000	1q	qH3	1	
chr1:176310001-176320000	chr1	176310001	176320000	1q	qH4	1	
chr1:176500001-176510000	chr1	176500001	176510000	1q	qH4	1	Gm36536
chr1:176920001-176930000	chr1	176920001	176930000	1q	qH4	2	Sdccag8,Gm15423
chr1:177660001-177670000	chr1	177660001	177670000	1q	qH4	1	
chr1:182320001-182330000	chr1	182320001	182330000	1q	qH5	1	Fbxo28
chr1:183740001-183750000	chr1	183740001	183750000	1q	qH5	1	Gm34068
chr1:184020001-184030000	chr1	184020001	184030000	1q	qH5	1	Dusp10
chr1:187030001-187040000	chr1	187030001	187040000	1q	qH5	1	
chr1:187550001-187560000	chr1	187550001	187560000	1q	qH5	1	
chr1:190480001-190490000	chr1	190480001	190490000	1q	qH6	2	Gm23153
chr2:5400001-5410000	chr2	5400001	5410000	2p	qA1	1	Camk1d
chr2:10180001-10190000	chr2	10180001	10190000	2p	qA1	1	Itih5
chr2:11510001-11520000	chr2	11510001	11520000	2p	qA1	1	Pfkfb3
chr2:32560001-32570000	chr2	32560001	32570000	2p	qB	1	Eeig1
chr2:43690001-43700000	chr2	43690001	43700000	2p	qB	1	
chr2:44560001-44570000	chr2	44560001	44570000	2p	qB	1	Gtdc1
chr2:52820001-52830000	chr2	52820001	52830000	2p	qC1.1	1	
chr2:53690001-53700000	chr2	53690001	53700000	2p	qC1.1	1	Idi1-ps1
chr2:54570001-54580000	chr2	54570001	54580000	2p	qC1.1	1	Galnt13
chr2:58380001-58390000	chr2	58380001	58390000	2p	qC1.1	1	Acvr1
chr2:59500001-59510000	chr2	59500001	59510000	2p	qC1.1	1	Dapl1
chr2:64130001-64140000	chr2	64130001	64140000	2p	qC1.3	1	
chr2:72240001-72250000	chr2	72240001	72250000	2p	qC3	2	Rapgef4,Rapgef4os3
chr2:86370001-86380000	chr2	86370001	86380000	2p	qD	1	Or8j3b
chr2:88370001-88380000	chr2	88370001	88380000	2p	qD	1	
chr2:89610001-89620000	chr2	89610001	89620000	2p	qE1	2	Or4a74,Or4a75
chr2:110620001-110630000	chr2	110620001	110630000	2q	qE3	1	Slc5a12
chr2:114940001-114950000	chr2	114940001	114950000	2q	qE4	2	Gm28494,Gm13974
chr2:131840001-131850000	chr2	131840001	131850000	2q	qF1	3	5330413P13Rik,Gm14282,Gm14281
chr2:138760001-138770000	chr2	138760001	138770000	2q	qF3	1	
chr2:138850001-138860000	chr2	138850001	138860000	2q	qF3	1	
chr2:141830001-141840000	chr2	141830001	141840000	2q	qG1	2	Macrod2,Fau-ps1
chr2:144490001-144500000	chr2	144490001	144500000	2q	qG1	2	Dzank1,Zfp133-ps
chr2:150140001-150150000	chr2	150140001	150150000	2q	qG3	1	
chr2:155290001-155300000	chr2	155290001	155300000	2q	qH1	1	Pigu
chr2:168510001-168520000	chr2	168510001	168520000	2q	qH3	1	Nfatc2
chr2:170560001-170570000	chr2	170560001	170570000	2q	qH3	1	
chr2:178090001-178100000	chr2	178090001	178100000	2q	qH4	1	
chr2:178100001-178110000	chr2	178100001	178110000	2q	qH4	1	
chr2:179230001-179240000	chr2	179230001	179240000	2q	qH4	1	
chr2:179240001-179250000	chr2	179240001	179250000	2q	qH4	1	Gm14293
chr2:180190001-180200000	chr2	180190001	180200000	2q	qH4	1	Lama5
chr3:3300001-3310000	chr3	3300001	3310000	3p	qA1	1	
chr3:19800001-19810000	chr3	19800001	19810000	3p	qA2	1	
chr3:22630001-22640000	chr3	22630001	22640000	3p	qA3	1	
chr3:30170001-30180000	chr3	30170001	30180000	3p	qA3	1	Mecom
chr3:34350001-34360000	chr3	34350001	34360000	3p	qA3	2	Sox2ot,Gm38505
chr3:41640001-41650000	chr3	41640001	41650000	3p	qB	2	Sclt1,Gm38047
chr3:43900001-43910000	chr3	43900001	43910000	3p	qB	1	
chr3:49610001-49620000	chr3	49610001	49620000	3p	qC	1	
chr3:49990001-50000000	chr3	49990001	50000000	3p	qC	1	Slc7a11
chr3:65040001-65050000	chr3	65040001	65050000	3p	qE1	1	Kcnab1
chr3:69890001-69900000	chr3	69890001	69900000	3p	qE2	1	
chr3:70560001-70570000	chr3	70560001	70570000	3p	qE2	1	Gm37213
chr3:70970001-70980000	chr3	70970001	70980000	3p	qE2	1	
chr3:75870001-75880000	chr3	75870001	75880000	3p	qE3	2	Golim4
chr3:76130001-76140000	chr3	76130001	76140000	3p	qE3	1	Fstl5
chr3:84490001-84500000	chr3	84490001	84500000	3p	qF1	2	Arfip1,Gm37240
chr3:86880001-86890000	chr3	86880001	86890000	3p	qF1	1	Dclk2
chr3:88470001-88480000	chr3	88470001	88480000	3p	qF1	1	Gm5979
chr3:102680001-102690000	chr3	102680001	102690000	3q	qF2.2	2	Gm42677,Gm19202
chr3:111840001-111850000	chr3	111840001	111850000	3q	qF3	1	
chr3:112560001-112570000	chr3	112560001	112570000	3q	qF3	1	
chr3:118910001-118920000	chr3	118910001	118920000	3q	qG1	1	Dpyd
chr3:132500001-132510000	chr3	132500001	132510000	3q	qG3	1	
chr3:142580001-142590000	chr3	142580001	142590000	3q	qH1	1	
chr3:145730001-145740000	chr3	145730001	145740000	3q	qH2	1	Gm43408
chr3:148980001-148990000	chr3	148980001	148990000	3q	qH3	2	Adgrl2,Gm43573
chr3:151090001-151100000	chr3	151090001	151100000	3q	qH3	1	Gm43469
chr3:155270001-155280000	chr3	155270001	155280000	3q	qH4	1	Gm5285
chr3:155280001-155290000	chr3	155280001	155290000	3q	qH4	1	
chr4:4910001-4920000	chr4	4910001	4920000	4p	qA1	1	
chr4:8510001-8520000	chr4	8510001	8520000	4p	qA1	1	
chr4:9870001-9880000	chr4	9870001	9880000	4p	qA1	1	
chr4:17700001-17710000	chr4	17700001	17710000	4p	qA2	1	
chr4:20830001-20840000	chr4	20830001	20840000	4p	qA3	1	
chr4:22090001-22100000	chr4	22090001	22100000	4p	qA3	1	
chr4:27930001-27940000	chr4	27930001	27940000	4p	qA3	1	
chr4:28740001-28750000	chr4	28740001	28750000	4p	qA4	1	
chr4:38010001-38020000	chr4	38010001	38020000	4p	qA5	1	
chr4:43160001-43170000	chr4	43160001	43170000	4p	qA5	1	Unc13b
chr4:46920001-46930000	chr4	46920001	46930000	4p	qB1	1	Gabbr2
chr4:66180001-66190000	chr4	66180001	66190000	4q	qC1	1	Astn2
chr4:77750001-77760000	chr4	77750001	77760000	4q	qC3	1	Ptprd
chr4:84590001-84600000	chr4	84590001	84600000	4q	qC4	1	Bnc2
chr4:89170001-89180000	chr4	89170001	89180000	4q	qC4	1	Mtap
chr4:94340001-94350000	chr4	94340001	94350000	4q	qC5	1	Gm12648
chr4:98330001-98340000	chr4	98330001	98340000	4q	qC6	1	0610025J13Rik
chr4:100480001-100490000	chr4	100480001	100490000	4q	qC6	1	Ube2u
chr4:100830001-100840000	chr4	100830001	100840000	4q	qC6	1	Cachd1
chr4:101660001-101670000	chr4	101660001	101670000	4q	qC6	1	
chr4:103530001-103540000	chr4	103530001	103540000	4q	qC6	1	Gm12720
chr4:103970001-103980000	chr4	103970001	103980000	4q	qC6	1	Dab1
chr4:108240001-108250000	chr4	108240001	108250000	4q	qC7	1	Zyg11b
chr4:113120001-113130000	chr4	113120001	113130000	4q	qD1	1	Skint6
chr4:118720001-118730000	chr4	118720001	118730000	4q	qD2.1	1	Or13p8
chr4:119910001-119920000	chr4	119910001	119920000	4q	qD2.1	1	Hivep3
chr4:123250001-123260000	chr4	123250001	123260000	4q	qD2.2	1	Gm12901
chr4:123410001-123420000	chr4	123410001	123420000	4q	qD2.2	2	Macf1,NA
chr4:125530001-125540000	chr4	125530001	125540000	4q	qD2.2	1	Grik3
chr4:132620001-132630000	chr4	132620001	132630000	4q	qD2.3	1	
chr4:141350001-141360000	chr4	141350001	141360000	4q	qD3	2	Gm13076,Gm13074
chr4:154960001-154970000	chr4	154960001	154970000	4q	qE2	3	Pank4,Hes5,Gm20421
chr5:9150001-9160000	chr5	9150001	9160000	5p	qA1	2	Dmtf1,Tmem243
chr5:16430001-16440000	chr5	16430001	16440000	5p	qA3	1	
chr5:22010001-22020000	chr5	22010001	22020000	5p	qA3	1	Reln
chr5:22840001-22850000	chr5	22840001	22850000	5p	qA3	1	Lhfpl3
chr5:36040001-36050000	chr5	36040001	36050000	5p	qB3	1	Sorcs2
chr5:36270001-36280000	chr5	36270001	36280000	5p	qB3	1	Sorcs2
chr5:38990001-39000000	chr5	38990001	39000000	5p	qB3	1	
chr5:40390001-40400000	chr5	40390001	40400000	5p	qB3	1	
chr5:45590001-45600000	chr5	45590001	45600000	5p	qB3	1	Fam184b
chr5:51960001-51970000	chr5	51960001	51970000	5q	qC1	1	
chr5:53130001-53140000	chr5	53130001	53140000	5q	qC1	1	Sel1l3
chr5:53140001-53150000	chr5	53140001	53150000	5q	qC1	2	Sel1l3,NA
chr5:61660001-61670000	chr5	61660001	61670000	5q	qC3.1	1	
chr5:72500001-72510000	chr5	72500001	72510000	5q	qC3.2	1	Corin
chr5:78950001-78960000	chr5	78950001	78960000	5q	qD	1	
chr5:83610001-83620000	chr5	83610001	83620000	5q	qE1	1	
chr5:88810001-88820000	chr5	88810001	88820000	5q	qE1	1	Gm42912
chr5:98830001-98840000	chr5	98830001	98840000	5q	qE3	1	
chr5:120400001-120410000	chr5	120400001	120410000	5q	qF	1	
chr5:120860001-120870000	chr5	120860001	120870000	5q	qF	1	Oas1h
chr5:127460001-127470000	chr5	127460001	127470000	5q	qG1.2	1	Tmem132c
chr5:131550001-131560000	chr5	131550001	131560000	5q	qG2	1	Auts2
chr5:132660001-132670000	chr5	132660001	132670000	5q	qG2	1	
chr6:5250001-5260000	chr6	5250001	5260000	6p	qA1	1	Pon3
chr6:6820001-6830000	chr6	6820001	6830000	6p	qA1	2	Dlx6os1
chr6:13100001-13110000	chr6	13100001	13110000	6p	qA1	1	
chr6:16960001-16970000	chr6	16960001	16970000	6p	qA2	1	
chr6:22590001-22600000	chr6	22590001	22600000	6p	qA3.1	1	
chr6:23740001-23750000	chr6	23740001	23750000	6p	qA3.1	2	Cadps2
chr6:25100001-25110000	chr6	25100001	25110000	6p	qA3.1	1	
chr6:30590001-30600000	chr6	30590001	30600000	6p	qA3.3	1	Cpa4
chr6:32780001-32790000	chr6	32780001	32790000	6p	qA3.3	1	
chr6:36420001-36430000	chr6	36420001	36430000	6p	qB1	2	Mir490,Chrm2
chr6:40080001-40090000	chr6	40080001	40090000	6p	qB1	1	Tmem178b
chr6:43380001-43390000	chr6	43380001	43390000	6p	qB2.1	1	Tpk1
chr6:47010001-47020000	chr6	47010001	47020000	6p	qB2.3	1	Cntnap2
chr6:49860001-49870000	chr6	49860001	49870000	6p	qB2.3	1	
chr6:50730001-50740000	chr6	50730001	50740000	6p	qB2.3	1	
chr6:51600001-51610000	chr6	51600001	51610000	6p	qB3	1	
chr6:55000001-55010000	chr6	55000001	55010000	6p	qB3	1	
chr6:60080001-60090000	chr6	60080001	60090000	6q	qB3	1	Gm5570
chr6:84840001-84850000	chr6	84840001	84850000	6q	qC3	1	Exoc6b
chr6:87450001-87460000	chr6	87450001	87460000	6q	qD1	1	Arhgap25
chr6:95070001-95080000	chr6	95070001	95080000	6q	qD2	1	
chr6:96710001-96720000	chr6	96710001	96720000	6q	qD3	1	
chr6:97330001-97340000	chr6	97330001	97340000	6q	qD3	1	Frmd4b
chr6:110130001-110140000	chr6	110130001	110140000	6q	qE3	1	
chr6:114780001-114790000	chr6	114780001	114790000	6q	qE3	2	Atg7,Gm44331
chr6:116190001-116200000	chr6	116190001	116200000	6q	qE3	3	Gm8213,Tmcc1,9530062K07Rik
chr6:119480001-119490000	chr6	119480001	119490000	6q	qF1	2	Fbxl14,Wnt5b
chr6:121160001-121170000	chr6	121160001	121170000	6q	qF1	1	
chr6:128980001-128990000	chr6	128980001	128990000	6q	qF3	1	Clec2g
chr6:129120001-129130000	chr6	129120001	129130000	6q	qF3	2	Klrb1-ps1,
chr6:129760001-129770000	chr6	129760001	129770000	6q	qF3	1	Klrh1
chr6:134520001-134530000	chr6	134520001	134530000	6q	qG1	1	Lrp6
chr6:137190001-137200000	chr6	137190001	137200000	6q	qG1	1	
chr6:137480001-137490000	chr6	137480001	137490000	6q	qG1	1	Eps8
chr6:148490001-148500000	chr6	148490001	148500000	6q	qG3	1	
chr7:5360001-5370000	chr7	5360001	5370000	7p	qA1	1	Lgalsl2
chr7:10690001-10700000	chr7	10690001	10700000	7p	qA1	1	Nlrp4b
chr7:13160001-13170000	chr7	13160001	13170000	7p	qA1	1	Vmn1r88
chr7:14640001-14650000	chr7	14640001	14650000	7p	qA1	1	
chr7:17790001-17800000	chr7	17790001	17800000	7p	qA2	2	Gm6065,Gm45149
chr7:18560001-18570000	chr7	18560001	18570000	7p	qA3	1	Psg27
chr7:19490001-19500000	chr7	19490001	19500000	7p	qA3	2	Exoc3l2
chr7:35090001-35100000	chr7	35090001	35100000	7p	qB2	1	Gm35611
chr7:41370001-41380000	chr7	41370001	41380000	7p	qB3	1	AI987944
chr7:48490001-48500000	chr7	48490001	48500000	7p	qB4	1	Mrgprx2
chr7:48530001-48540000	chr7	48530001	48540000	7p	qB4	1	
chr7:49880001-49890000	chr7	49880001	49890000	7p	qB4	1	
chr7:50620001-50630000	chr7	50620001	50630000	7p	qB4	1	Nell1
chr7:67020001-67030000	chr7	67020001	67030000	7q	qC	1	Adamts17
chr7:72580001-72590000	chr7	72580001	72590000	7q	qD1	1	
chr7:74400001-74410000	chr7	74400001	74410000	7q	qD1	2	Slco3a1,Gm7580
chr7:77530001-77540000	chr7	77530001	77540000	7q	qD2	1	
chr7:81780001-81790000	chr7	81780001	81790000	7q	qD3	3	3110040N11Rik,Gm45845,Gm45016
chr7:95920001-95930000	chr7	95920001	95930000	7q	qE1	1	
chr7:99780001-99790000	chr7	99780001	99790000	7q	qE1	1	F730035P03Rik
chr7:113210001-113220000	chr7	113210001	113220000	7q	qF1	1	Bmal1
chr7:128990001-129000000	chr7	128990001	129000000	7q	qF3	1	Gm4768
chr7:131020001-131030000	chr7	131020001	131030000	7q	qF3	1	Fgfr2
chr7:132930001-132940000	chr7	132930001	132940000	7q	qF3	3	Zranb1,1500002F19Rik,Fgfr2
chr7:140090001-140100000	chr7	140090001	140100000	7q	qF4	2	Fuom,Prap1
chr7:140270001-140280000	chr7	140270001	140280000	7q	qF4	1	Scart2
chr7:141550001-141560000	chr7	141550001	141560000	7q	qF5	1	
chr8:14120001-14130000	chr8	14120001	14130000	8p	qA1.1	1	Dlgap2
chr8:18740001-18750000	chr8	18740001	18750000	8p	qA1.3	2	Mcph1,Angpt2
chr8:25040001-25050000	chr8	25040001	25050000	8p	qA2	2	Gm16933,Plekha2
chr8:33810001-33820000	chr8	33810001	33820000	8p	qA4	2	Rbpms,Gm26632
chr8:35180001-35190000	chr8	35180001	35190000	8p	qA4	1	Gm45625
chr8:35710001-35720000	chr8	35710001	35720000	8p	qA4	1	1700015I17Rik
chr8:41670001-41680000	chr8	41670001	41680000	8p	qA4	1	
chr8:43410001-43420000	chr8	43410001	43420000	8p	qA4	1	
chr8:45730001-45740000	chr8	45730001	45740000	centromere	qB1.1	2	Sorbs2,Sorbs2os
chr8:48450001-48460000	chr8	48450001	48460000	8q	qB1.2	1	Tenm3
chr8:53460001-53470000	chr8	53460001	53470000	8q	qB1.3	1	Gm45554
chr8:68210001-68220000	chr8	68210001	68220000	8q	qB3.3	1	Psd3
chr8:69230001-69240000	chr8	69230001	69240000	8q	qB3.3	2	Zfp930,Gm7684
chr8:75730001-75740000	chr8	75730001	75740000	8q	qC1	1	Iqcm
chr8:76000001-76010000	chr8	76000001	76010000	8q	qC1	1	Gm45740
chr8:77690001-77700000	chr8	77690001	77700000	8q	qC1	2	Ednra,4933431K23Rik
chr8:80490001-80500000	chr8	80490001	80500000	8q	qC2	1	Gypa
chr8:81360001-81370000	chr8	81360001	81370000	8q	qC2	1	Inpp4b
chr8:90910001-90920000	chr8	90910001	90920000	8q	qC4	1	Chd9
chr8:91220001-91230000	chr8	91220001	91230000	8q	qC4	2	Gm36243,Rpgrip1l
chr8:92630001-92640000	chr8	92630001	92640000	8q	qC5	1	
chr8:100580001-100590000	chr8	100580001	100590000	8q	qD1	1	
chr8:106510001-106520000	chr8	106510001	106520000	8q	qD3	1	Cdh3
chr8:108370001-108380000	chr8	108370001	108380000	8q	qD3	1	Zfhx3
chr8:108660001-108670000	chr8	108660001	108670000	8q	qD3	1	Zfhx3
chr8:109220001-109230000	chr8	109220001	109230000	8q	qD3	1	D030068K23Rik
chr8:109760001-109770000	chr8	109760001	109770000	8q	qD3	1	
chr8:111500001-111510000	chr8	111500001	111510000	8q	qE1	1	Wdr59
chr8:112910001-112920000	chr8	112910001	112920000	8q	qE1	1	Gm45904
chr8:117260001-117270000	chr8	117260001	117270000	8q	qE1	1	Cmip
chr8:119320001-119330000	chr8	119320001	119330000	8q	qE1	1	Cdh13
chr8:128190001-128200000	chr8	128190001	128200000	8q	qE2	1	
chr9:4870001-4880000	chr9	4870001	4880000	9p	qA1	1	
chr9:9960001-9970000	chr9	9960001	9970000	9p	qA1	1	Cntn5
chr9:24090001-24100000	chr9	24090001	24100000	9p	qA3	2	Gm47670,Npsr1
chr9:24530001-24540000	chr9	24530001	24540000	9p	qA4	1	
chr9:29900001-29910000	chr9	29900001	29910000	9p	qA4	1	Ntm
chr9:33360001-33370000	chr9	33360001	33370000	9p	qA4	1	
chr9:41180001-41190000	chr9	41180001	41190000	9p	qA5.1	1	Gm35657
chr9:44420001-44430000	chr9	44420001	44430000	centromere	qA5.2	1	Gm47186
chr9:49610001-49620000	chr9	49610001	49620000	9q	qA5.3	1	Ncam1
chr9:50510001-50520000	chr9	50510001	50520000	9q	qA5.3	1	
chr9:54860001-54870000	chr9	54860001	54870000	9q	qB	1	Ireb2
chr9:58840001-58850000	chr9	58840001	58850000	9q	qB	1	Hcn4
chr9:60920001-60930000	chr9	60920001	60930000	9q	qB	1	Gm47923
chr9:61630001-61640000	chr9	61630001	61640000	9q	qB	1	
chr9:63420001-63430000	chr9	63420001	63430000	9q	qC	2	Iqch,Gm16759
chr9:68430001-68440000	chr9	68430001	68440000	9q	qC	1	
chr9:72410001-72420000	chr9	72410001	72420000	9q	qD	1	
chr9:75740001-75750000	chr9	75740001	75750000	9q	qD	1	
chr9:76830001-76840000	chr9	76830001	76840000	9q	qD	1	
chr9:93820001-93830000	chr9	93820001	93830000	9q	qE3.3	1	
chr9:95920001-95930000	chr9	95920001	95930000	9q	qE3.3	1	Atr
chr9:106050001-106060000	chr9	106050001	106060000	9q	qF1	1	Col6a4
chr9:110270001-110280000	chr9	110270001	110280000	9q	qF2	1	
chr10:3990001-4000000	chr10	3990001	4000000	10p	qA1	2	Gm16074,Mthfd1l
chr10:9490001-9500000	chr10	9490001	9500000	10p	qA1	1	
chr10:14300001-14310000	chr10	14300001	14310000	10p	qA2	1	Gm40603
chr10:14370001-14380000	chr10	14370001	14380000	10p	qA2	1	
chr10:14380001-14390000	chr10	14380001	14390000	10p	qA2	1	
chr10:27520001-27530000	chr10	27520001	27530000	10p	qA4	1	Lama2
chr10:29010001-29020000	chr10	29010001	29020000	10p	qA4	1	
chr10:29290001-29300000	chr10	29290001	29300000	10p	qA4	1	Gm46218
chr10:35480001-35490000	chr10	35480001	35490000	10p	qB1	1	1700054O05Rik
chr10:51400001-51410000	chr10	51400001	51410000	10q	qB3	1	
chr10:54120001-54130000	chr10	54120001	54130000	10q	qB3	1	
chr10:56460001-56470000	chr10	56460001	56470000	10q	qB4	1	Gm36595
chr10:58450001-58460000	chr10	58450001	58460000	10q	qB4	1	Ranbp2
chr10:59640001-59650000	chr10	59640001	59650000	10q	qB4	1	
chr10:59980001-59990000	chr10	59980001	59990000	10q	qB4	1	Anapc16
chr10:61870001-61880000	chr10	61870001	61880000	10q	qB4	1	Col13a1
chr10:80210001-80220000	chr10	80210001	80220000	10q	qC1	1	
chr10:80220001-80230000	chr10	80220001	80230000	10q	qC1	1	Pwwp3a
chr10:83520001-83530000	chr10	83520001	83530000	10q	qC1	1	Aldh1l2
chr10:88580001-88590000	chr10	88580001	88590000	10q	qC1	1	Mybpc1
chr10:89770001-89780000	chr10	89770001	89780000	10q	qC2	1	Bltp3b
chr10:91960001-91970000	chr10	91960001	91970000	10q	qC2	1	
chr10:93340001-93350000	chr10	93340001	93350000	10q	qC2	1	Gm17745
chr10:94370001-94380000	chr10	94370001	94380000	10q	qC2	1	Tmcc3
chr10:94740001-94750000	chr10	94740001	94750000	10q	qC2	1	Cep83
chr10:98290001-98300000	chr10	98290001	98300000	10q	qC3	1	Gm8633
chr10:102270001-102280000	chr10	102270001	102280000	10q	qD1	2	Mgat4c,NA
chr10:102650001-102660000	chr10	102650001	102660000	10q	qD1	1	
chr10:103890001-103900000	chr10	103890001	103900000	10q	qD1	1	Gm47225
chr10:104080001-104090000	chr10	104080001	104090000	10q	qD1	1	Gm47227
chr10:108350001-108360000	chr10	108350001	108360000	10q	qD1	1	Pawr
chr10:112340001-112350000	chr10	112340001	112350000	10q	qD2	1	Kcnc2
chr10:114260001-114270000	chr10	114260001	114270000	10q	qD2	1	
chr10:115710001-115720000	chr10	115710001	115720000	10q	qD2	1	
chr10:116050001-116060000	chr10	116050001	116060000	10q	qD2	1	Ptprr
chr10:126240001-126250000	chr10	126240001	126250000	10q	qD3	1	
chr10:130100001-130110000	chr10	130100001	130110000	10q	qD3	1	
chr11:6480001-6490000	chr11	6480001	6490000	11p	qA1	1	Gm11973
chr11:18850001-18860000	chr11	18850001	18860000	11p	qA3.1	1	8430419K02Rik
chr11:29890001-29900000	chr11	29890001	29900000	11p	qA3.3	1	Eml6
chr11:30130001-30140000	chr11	30130001	30140000	11p	qA3.3	1	Sptbn1
chr11:32460001-32470000	chr11	32460001	32470000	11p	qA4	1	Ubtd2
chr11:33750001-33760000	chr11	33750001	33760000	11p	qA4	1	Kcnip1
chr11:33950001-33960000	chr11	33950001	33960000	11p	qA4	1	Kcnip1
chr11:36990001-37000000	chr11	36990001	37000000	11p	qA5	1	Tenm2
chr11:38950001-38960000	chr11	38950001	38960000	11p	qA5	1	
chr11:51000001-51010000	chr11	51000001	51010000	11p	qB1.3	1	Or1ad8
chr11:57070001-57080000	chr11	57070001	57080000	11q	qB1.3	1	Gria1
chr11:59370001-59380000	chr11	59370001	59380000	11q	qB1.3	2	Gm15755,Prss38
chr11:77250001-77260000	chr11	77250001	77260000	11q	qB5	1	Ssh2
chr11:81830001-81840000	chr11	81830001	81840000	11q	qB5	1	Asic2
chr11:83740001-83750000	chr11	83740001	83750000	11q	qC	1	Wfdc21
chr11:87870001-87880000	chr11	87870001	87880000	11q	qC	1	Epx
chr11:104510001-104520000	chr11	104510001	104520000	11q	qE1	1	Cdc27
chr11:113920001-113930000	chr11	113920001	113930000	11q	qE2	1	Sdk2
chr11:114890001-114900000	chr11	114890001	114900000	11q	qE2	1	Cd300a
chr12:10030001-10040000	chr12	10030001	10040000	12p	qA1.1	1	
chr12:13480001-13490000	chr12	13480001	13490000	12p	qA1.1	2	Nbas,Gm48311
chr12:13490001-13500000	chr12	13490001	13500000	12p	qA1.1	2	Gm24142,Nbas
chr12:17060001-17070000	chr12	17060001	17070000	12p	qA1.1	1	Gm48538
chr12:24860001-24870000	chr12	24860001	24870000	12p	qA1.3	1	Mboat2
chr12:26170001-26180000	chr12	26170001	26180000	12p	qA2	1	Gm29687
chr12:26820001-26830000	chr12	26820001	26830000	12p	qA2	1	4933409F18Rik
chr12:29340001-29350000	chr12	29340001	29350000	12p	qA2	1	
chr12:30770001-30780000	chr12	30770001	30780000	12p	qA2	1	
chr12:45020001-45030000	chr12	45020001	45030000	12q	qB3	1	Stxbp6
chr12:53050001-53060000	chr12	53050001	53060000	12q	qC1	1	Akap6
chr12:56170001-56180000	chr12	56170001	56180000	12q	qC1	1	
chr12:58640001-58650000	chr12	58640001	58650000	12q	qC1	1	
chr12:58650001-58660000	chr12	58650001	58660000	12q	qC1	1	
chr12:59970001-59980000	chr12	59970001	59980000	12q	qC1	1	Gm29809
chr12:67040001-67050000	chr12	67040001	67050000	12q	qC2	2	Mdga2,NA
chr12:67280001-67290000	chr12	67280001	67290000	12q	qC2	1	
chr12:70910001-70920000	chr12	70910001	70920000	12q	qC2	2	Gm10457,Gm46355
chr12:71100001-71110000	chr12	71100001	71110000	12q	qC2	1	
chr12:71630001-71640000	chr12	71630001	71640000	12q	qC3	1	9630002D21Rik
chr12:71670001-71680000	chr12	71670001	71680000	12q	qC3	1	9630002D21Rik
chr12:72580001-72590000	chr12	72580001	72590000	12q	qC3	2	Pcnx4,Dhrs7l
chr12:75270001-75280000	chr12	75270001	75280000	12q	qC3	1	
chr12:80580001-80590000	chr12	80580001	80590000	12q	qC3	2	4933406B15Rik,Galnt16
chr12:80820001-80830000	chr12	80820001	80830000	12q	qC3	1	Susd6
chr12:83150001-83160000	chr12	83150001	83160000	12q	qD1	1	Rgs6
chr12:94400001-94410000	chr12	94400001	94410000	12q	qD3	1	
chr12:95690001-95700000	chr12	95690001	95700000	12q	qE	1	Flrt2
chr12:97080001-97090000	chr12	97080001	97090000	12q	qE	1	
chr12:111840001-111850000	chr12	111840001	111850000	12q	qF1	1	Ppp1r13b
chr12:112510001-112520000	chr12	112510001	112520000	12q	qF1	1	Tmem179
chr12:117750001-117760000	chr12	117750001	117760000	12q	qF2	1	Rapgef5
chr12:119360001-119370000	chr12	119360001	119370000	12q	qF2	1	Macc1
chr13:3860001-3870000	chr13	3860001	3870000	13p	qA1	1	
chr13:4720001-4730000	chr13	4720001	4730000	13p	qA1	1	Gm40658
chr13:19880001-19890000	chr13	19880001	19890000	13q	qA2	1	
chr13:24210001-24220000	chr13	24210001	24220000	13q	qA3.1	1	Carmil1
chr13:24690001-24700000	chr13	24690001	24700000	13q	qA3.1	1	Ripor2
chr13:31620001-31630000	chr13	31620001	31630000	13q	qA3.2	4	Gm11378,1700018A04Rik,Foxf2,NA
chr13:62220001-62230000	chr13	62220001	62230000	13q	qB3	1	Zfp808
chr13:76440001-76450000	chr13	76440001	76450000	13q	qC1	1	Mctp1
chr13:77620001-77630000	chr13	77620001	77630000	13q	qC1	1	
chr13:94480001-94490000	chr13	94480001	94490000	13q	qC3	1	Ap3b1
chr13:98940001-98950000	chr13	98940001	98950000	13q	qD1	1	Gm35215
chr13:99540001-99550000	chr13	99540001	99550000	13q	qD1	1	
chr13:101400001-101410000	chr13	101400001	101410000	13q	qD1	1	4932411K12Rik
chr13:103490001-103500000	chr13	103490001	103500000	13q	qD1	1	
chr13:106880001-106890000	chr13	106880001	106890000	13q	qD2.1	1	Ipo11
chr13:109030001-109040000	chr13	109030001	109040000	13q	qD2.1	1	Pde4d
chr13:109040001-109050000	chr13	109040001	109050000	13q	qD2.1	1	Pde4d
chr13:109600001-109610000	chr13	109600001	109610000	13q	qD2.1	1	Pde4d
chr13:110000001-110010000	chr13	110000001	110010000	13q	qD2.1	1	
chr13:110510001-110520000	chr13	110510001	110520000	13q	qD2.1	1	
chr13:112720001-112730000	chr13	112720001	112730000	13q	qD2.2	1	Slc38a9
chr13:115570001-115580000	chr13	115570001	115580000	NA	qD2.2	1	
chr14:9180001-9190000	chr14	9180001	9190000	14p	qA1	1	
chr14:13080001-13090000	chr14	13080001	13090000	14p	qA1	1	
chr14:13110001-13120000	chr14	13110001	13120000	14p	qA1	1	
chr14:13780001-13790000	chr14	13780001	13790000	14p	qA1	1	
chr14:15780001-15790000	chr14	15780001	15790000	14p	qA2	2	Gm31804,Gm47782
chr14:16430001-16440000	chr14	16430001	16440000	centromere	qA2	2	Rarb,Top2b
chr14:24560001-24570000	chr14	24560001	24570000	14q	qA3	1	
chr14:28020001-28030000	chr14	28020001	28030000	14q	qA3	1	Erc2
chr14:29590001-29600000	chr14	29590001	29600000	14q	qA3	2	Cacna2d3,Gm48003
chr14:51810001-51820000	chr14	51810001	51820000	14q	qC1	1	AY358078
chr14:59180001-59190000	chr14	59180001	59190000	14q	qC3	1	
chr14:61390001-61400000	chr14	61390001	61400000	14q	qD1	1	Kpna3
chr14:68770001-68780000	chr14	68770001	68780000	14q	qD1	1	
chr14:75990001-76000000	chr14	75990001	76000000	14q	qD3	1	Gtf2f2
chr14:86980001-86990000	chr14	86980001	86990000	14q	qE1	2	Diaph3,NA
chr14:89800001-89810000	chr14	89800001	89810000	14q	qE2.1	1	
chr14:98800001-98810000	chr14	98800001	98810000	14q	qE2.1	1	
chr14:102910001-102920000	chr14	102910001	102920000	14q	qE2.3	1	
chr14:114990001-115000000	chr14	114990001	115000000	NA	qE4	1	
chr14:115000001-115010000	chr14	115000001	115010000	NA	qE4	1	
chr15:3160001-3170000	chr15	3160001	3170000	15p	qA1	1	Gm49231
chr15:8620001-8630000	chr15	8620001	8630000	15p	qA1	1	
chr15:28070001-28080000	chr15	28070001	28080000	15q	qB1	1	Gm31458
chr15:32470001-32480000	chr15	32470001	32480000	15q	qB3.1	1	Sema5a
chr15:34230001-34240000	chr15	34230001	34240000	15q	qB3.1	1	Laptm4b
chr15:38450001-38460000	chr15	38450001	38460000	15q	qB3.1	1	G930009F23Rik
chr15:47760001-47770000	chr15	47760001	47770000	15q	qB3.3	1	Csmd3
chr15:51190001-51200000	chr15	51190001	51200000	15q	qC	1	
chr15:51730001-51740000	chr15	51730001	51740000	15q	qC	1	
chr15:53320001-53330000	chr15	53320001	53330000	15q	qC	1	Ext1
chr15:53530001-53540000	chr15	53530001	53540000	15q	qC	1	Samd12
chr15:54520001-54530000	chr15	54520001	54530000	15q	qD1	1	
chr15:57200001-57210000	chr15	57200001	57210000	15q	qD1	1	
chr15:57710001-57720000	chr15	57710001	57720000	15q	qD1	1	Zhx2
chr15:65220001-65230000	chr15	65220001	65230000	15q	qD1	1	
chr15:69660001-69670000	chr15	69660001	69670000	15q	qD3	1	
chr15:70030001-70040000	chr15	70030001	70040000	15q	qD3	1	Gm19782
chr15:70560001-70570000	chr15	70560001	70570000	15q	qD3	1	
chr15:70620001-70630000	chr15	70620001	70630000	15q	qD3	1	
chr15:71270001-71280000	chr15	71270001	71280000	15q	qD3	1	
chr15:76260001-76270000	chr15	76260001	76270000	15q	qD3	3	Mirt2,Spatc1,NA
chr15:78780001-78790000	chr15	78780001	78790000	15q	qE1	1	Card10
chr15:83020001-83030000	chr15	83020001	83030000	15q	qE1	1	Nfam1
chr15:84720001-84730000	chr15	84720001	84730000	15q	qE2	3	Arhgap8,Gm20556
chr15:90310001-90320000	chr15	90310001	90320000	15q	qE3	1	
chr15:92040001-92050000	chr15	92040001	92050000	15q	qE3	1	
chr16:3970001-3980000	chr16	3970001	3980000	16p	qA1	2	Slx4,Nlrc3
chr16:4000001-4010000	chr16	4000001	4010000	16p	qA1	1	Slx4
chr16:16820001-16830000	chr16	16820001	16830000	16p	qA3	2	Spag6l,Rpl31-ps12
chr16:17430001-17440000	chr16	17430001	17440000	16p	qA3	1	Snap29
chr16:20310001-20320000	chr16	20310001	20320000	16p	qA3	1	Cyp2ab1
chr16:36090001-36100000	chr16	36090001	36100000	16p	qB3	1	Mix23
chr16:38270001-38280000	chr16	38270001	38280000	16q	qB3	1	Nr1i2
chr16:43300001-43310000	chr16	43300001	43310000	16q	qB4	2	Zbtb20,Gm37946
chr16:43470001-43480000	chr16	43470001	43480000	16q	qB4	1	Zbtb20
chr16:45260001-45270000	chr16	45260001	45270000	16q	qB5	1	
chr16:50250001-50260000	chr16	50250001	50260000	16q	qB5	1	Bbx
chr16:51330001-51340000	chr16	51330001	51340000	16q	qB5	1	
chr16:52990001-53000000	chr16	52990001	53000000	16q	qB5	1	
chr16:54720001-54730000	chr16	54720001	54730000	16q	qC1.1	1	
chr16:58440001-58450000	chr16	58440001	58450000	16q	qC1.2	1	Dcbld2
chr16:60090001-60100000	chr16	60090001	60100000	16q	qC1.3	1	Epha6
chr16:66720001-66730000	chr16	66720001	66730000	16q	qC1.3	1	Cadm2
chr16:70250001-70260000	chr16	70250001	70260000	16q	qC2	1	
chr16:74080001-74090000	chr16	74080001	74090000	16q	qC3.1	1	Robo2
chr16:75910001-75920000	chr16	75910001	75920000	16q	qC3.1	1	Samsn1
chr16:76710001-76720000	chr16	76710001	76720000	16q	qC3.1	1	Gm45029
chr16:78260001-78270000	chr16	78260001	78270000	16q	qC3.1	1	E330011O21Rik
chr16:81210001-81220000	chr16	81210001	81220000	16q	qC3.3	1	Ncam2
chr16:97160001-97170000	chr16	97160001	97170000	NA	qC4	1	Dscam
chr17:7610001-7620000	chr17	7610001	7620000	17p	qA1	1	
chr17:20150001-20160000	chr17	20150001	20160000	17p	qA3.2	1	
chr17:23190001-23200000	chr17	23190001	23200000	centromere	qA3.3	1	Zfp40
chr17:27120001-27130000	chr17	27120001	27130000	17q	qA3.3	2	Uqcc2,Itpr3
chr17:35620001-35630000	chr17	35620001	35630000	17q	qB1	2	Muc21,Sfta2
chr17:44280001-44290000	chr17	44280001	44290000	17q	qB3	1	Clic5
chr17:45190001-45200000	chr17	45190001	45200000	17q	qB3	1	
chr17:52570001-52580000	chr17	52570001	52580000	17q	qC	1	
chr17:52770001-52780000	chr17	52770001	52780000	17q	qC	1	Kcnh8
chr17:54000001-54010000	chr17	54000001	54010000	17q	qC	1	Gm5684
chr17:58190001-58200000	chr17	58190001	58200000	17q	qD	1	Cntnap5c
chr17:60980001-60990000	chr17	60980001	60990000	17q	qE1.1	1	
chr17:67020001-67030000	chr17	67020001	67030000	17q	qE1.1	2	Ptprm,Mir5709
chr17:69440001-69450000	chr17	69440001	69450000	17q	qE1.3	1	Akain1
chr17:80980001-80990000	chr17	80980001	80990000	17q	qE3	1	Tmem178
chr17:81880001-81890000	chr17	81880001	81890000	17q	qE3	1	
chr17:83670001-83680000	chr17	83670001	83680000	NA	qE4	1	
chr17:84810001-84820000	chr17	84810001	84820000	NA	qE4	1	
chr17:86120001-86130000	chr17	86120001	86130000	NA	qE4	1	Srbd1
chr17:86280001-86290000	chr17	86280001	86290000	NA	qE4	2	Prkce,2010106C02Rik
chr17:89780001-89790000	chr17	89780001	89790000	NA	qE5	1	
chr17:90810001-90820000	chr17	90810001	90820000	NA	qE5	1	Nrxn1
chr17:91830001-91840000	chr17	91830001	91840000	NA	qE5	1	Gm41654
chr17:92270001-92280000	chr17	92270001	92280000	NA	qE5	1	
chr17:92600001-92610000	chr17	92600001	92610000	NA	qE5	1	Gm49995
chr18:8660001-8670000	chr18	8660001	8670000	18p	qA1	1	
chr18:10590001-10600000	chr18	10590001	10600000	18p	qA1	1	Esco1
chr18:17630001-17640000	chr18	17630001	17640000	centromere	qA1	1	
chr18:18410001-18420000	chr18	18410001	18420000	centromere	qA1	1	
chr18:23450001-23460000	chr18	23450001	23460000	18q	qA2	1	Dtna
chr18:28770001-28780000	chr18	28770001	28780000	18q	qA2	1	
chr18:30200001-30210000	chr18	30200001	30210000	18q	qB1	1	
chr18:34030001-34040000	chr18	34030001	34040000	18q	qB1	1	
chr18:35390001-35400000	chr18	35390001	35400000	18q	qB1	1	Sil1
chr18:40170001-40180000	chr18	40170001	40180000	18q	qB3	1	
chr18:44610001-44620000	chr18	44610001	44620000	18q	qB3	1	Mcc
chr18:46490001-46500000	chr18	46490001	46500000	18q	qC	1	Gm3720
chr18:47760001-47770000	chr18	47760001	47770000	18q	qC	1	Gm4146
chr18:49790001-49800000	chr18	49790001	49800000	18q	qD1	1	
chr18:57310001-57320000	chr18	57310001	57320000	18q	qD3	2	Gm50200,Gm50201
chr18:58000001-58010000	chr18	58000001	58010000	18q	qD3	1	Fbn2
chr18:59970001-59980000	chr18	59970001	59980000	18q	qD3	1	
chr18:61300001-61310000	chr18	61300001	61310000	18q	qE1	1	Ppargc1b
chr18:66040001-66050000	chr18	66040001	66050000	18q	qE1	1	Ccbe1
chr18:68520001-68530000	chr18	68520001	68530000	18q	qE2	1	
chr18:69210001-69220000	chr18	69210001	69220000	18q	qE2	1	Gm4402
chr18:70990001-71000000	chr18	70990001	71000000	18q	qE2	1	
chr18:71080001-71090000	chr18	71080001	71090000	18q	qE2	1	
chr18:76000001-76010000	chr18	76000001	76010000	18q	qE3	1	Zbtb7c
chr18:76080001-76090000	chr18	76080001	76090000	18q	qE3	1	Zbtb7c
chr18:78850001-78860000	chr18	78850001	78860000	18q	qE3	1	Setbp1
chr18:80640001-80650000	chr18	80640001	80650000	NA	qE3	1	Nfatc1
chr18:85570001-85580000	chr18	85570001	85580000	NA	qE4	1	
chr18:86890001-86900000	chr18	86890001	86900000	NA	qE4	1	
chr19:19170001-19180000	chr19	19170001	19180000	19p	qB	1	
chr19:34070001-34080000	chr19	34070001	34080000	19q	qC1	1	Lipn
chr19:53270001-53280000	chr19	53270001	53280000	19q	qD2	1	
