region	chr	start	end	arm	cyto	CFS	ERFS	overlappedGeneNumDensity	genename	transcriptClass	geneType	largeGene
chr1:101140001-101560000	chr1	101140001	101560000	1p	p21.2	FRA1B, FRA1D, FRA1L, FRA1C, FRA1E, FRA1M	S1PR1	3	S1PR1,LINC01307,S1PR1-DT	coding,nonCoding	protein_coding,lncRNA	N
chr1:108550001-108900000	chr1	108550001	108900000	1p	p13.3			9	EEIG2,HENMT1,FNDC7,STXBP3,AKNAD1,PRPF38B,GPSM2,CLCC1,SPATA42	coding,nonCoding	protein_coding,lncRNA	N
chr1:109220001-109470000	chr1	109220001	109470000	1p	p13.3			7	SARS1,MYBPHL,SORT1,PSMA5,SYPL2,CELSR2,PSRC1	coding,nonCoding	protein_coding	N
chr1:114340001-114930000	chr1	114340001	114930000	1p	p13.2			10	DENND2C,AMPD1,TRIM33,BCAS2,CSDE1,RNY1P13,RN7SL432P,NRAS,SYCP1,SIKE1	coding,nonCoding	protein_coding,misc_RNA	N
chr1:116450001-116570000	chr1	116450001	116570000	1p	p13.1			3	CD58,MIR548AC,LINC01762	coding,nonCoding	protein_coding,miRNA,lncRNA	N
chr1:117610001-117640000	chr1	117610001	117640000	1p	p12		FAM46C	1	TENT5C	coding	protein_coding	N
chr1:156740001-157190000	chr1	156740001	157190000	1q	q23.1		ETV3	13	HDGF,PRCC,MRPL24,INSRR,PEAR1,SH2D2A,NTRK1,ARHGEF11,MIR765,RN7SL612P,ETV3L,ETV3,LRRC71	coding,nonCoding	protein_coding,miRNA,misc_RNA	N
chr1:160730001-160770000	chr1	160730001	160770000	1q	q23.3		SLAMF7	1	SLAMF7	coding,nonCoding	protein_coding	N
chr1:166810001-167340000	chr1	166810001	167340000	1q	q24.1		POU2F1	9	POGK,TADA1,MAEL,GPA33,STYXL2,ILDR2,POU2F1,POU2F1-DT,LINC01363	coding,nonCoding	protein_coding,lncRNA	N
chr1:169730001-169910000	chr1	169730001	169910000	1q	q24.2		SELE	5	SELE,METTL18,C1orf112,SCYL3,RN7SL333P	coding,nonCoding	protein_coding,misc_RNA	N
chr1:172450001-172550000	chr1	172450001	172550000	1q	q24.3			2	C1orf105,SUCO	coding,nonCoding	protein_coding	N
chr1:182550001-182850000	chr1	182550001	182850000	1q	q25.3			9	RGS16,LINC01686,RGSL1,RNASEL,NPL,DHX9-AS1,DHX9,RGS8,LINC01688	coding,nonCoding	protein_coding,lncRNA	N
chr1:192770001-193630000	chr1	192770001	193630000	1q	q31.2	FRA1K	RGS2	10	UCHL5,SCARNA18B,RGS2,RN7SKP126,CDC73,MIR1278,RO60,GLRX2,LINC01031,B3GALT2	coding,nonCoding	protein_coding,snoRNA,misc_RNA,miRNA,lncRNA	N
chr1:197100001-197150000	chr1	197100001	197150000	1q	q31.3	FRA1K		1	ASPM	nonCoding,coding	protein_coding	N
chr1:197670001-197830000	chr1	197670001	197830000	1q	q31.3	FRA1K	DENND1B	1	DENND1B	coding,nonCoding	protein_coding	N
chr1:197860001-198020000	chr1	197860001	198020000	1q	q31.3	FRA1K	LHX9	2	C1orf53,LHX9	coding,nonCoding	protein_coding	N
chr1:200350001-200790000	chr1	200350001	200790000	1q	q32.1			6	LINC00862,ZNF281,KIF14,DDX59-AS1,CAMSAP2,DDX59	nonCoding,coding	lncRNA,protein_coding	N
chr1:202740001-203100000	chr1	202740001	203100000	1q	q32.1			10	KDM5B,ADIPOR1,CYB5R1,TMEM183A,PPFIA4,MYOG,ADORA1,KLHL12,PCAT6,RABIF	coding,nonCoding	protein_coding,lncRNA	N
chr1:206970001-207170000	chr1	206970001	207170000	1q	q32.1		FCAMR	6	C1orf116,FCAMR,C4BPA,PFKFB2,YOD1,C4BPB	coding,nonCoding	protein_coding	N
chr1:207230001-207320000	chr1	207230001	207320000	1q	q32.2			1	LINC02942	nonCoding	lncRNA	N
chr1:212020001-212090000	chr1	212020001	212090000	1q	q32.3		INTS7, DTL	3	MIR3122,INTS7,DTL	nonCoding,coding	miRNA,protein_coding	N
chr1:214580001-214670000	chr1	214580001	214670000	1q	q41			1	CENPF	nonCoding,coding	protein_coding	N
chr1:221560001-221940000	chr1	221560001	221940000	1q	q41		DUSP10	4	LINC02257,DUSP10,LINC01655,RNU6-403P	nonCoding,coding	lncRNA,protein_coding,snRNA	N
chr1:224250001-224820000	chr1	224250001	224820000	1q	q42.11	FRA1H	NVL	10	CNIH4,NVL,MIR320B2,RNU6-1008P,MIR4742,CNIH3,CNIH3-AS2,CNIH3-AS1,LINC02813,WDR26	coding,nonCoding	protein_coding,miRNA,snRNA,lncRNA	N
chr1:231400001-231480000	chr1	231400001	231480000	1q	q42.2	FRA1H		1	EGLN1	coding,nonCoding	protein_coding	N
chr1:240140001-240400000	chr1	240140001	240400000	1q	q43			1	FMN2	coding,nonCoding	protein_coding	N
chr1:244060001-245000000	chr1	244060001	245000000	1q	q44	FRA1I	HNRNPU	10	RN7SL148P,ADSS2,CATSPERE,DESI2,C1orf100,RN7SKP55,RNU6-947P,EFCAB2,COX20,HNRNPU	nonCoding,coding	misc_RNA,protein_coding,snRNA	N
chr1:51770001-51930000	chr1	51770001	51930000	1p	p32.3	FRA1B, FRA1D, FRA1L, FRA1C, FRA1E, FRA1M	OSBPL9	4	OSBPL9,RAB3B,NRDC,MIR761	coding,nonCoding	protein_coding,miRNA	N
chr1:7990001-8360000	chr1	7990001	8360000	1p	p36.23	FRA1A	SLC45A1	7	RNU1-7P,RERE,ERRFI1-DT,RNU6-991P,SLC45A1,ERRFI1,LINC01714	nonCoding,coding	snRNA,protein_coding,lncRNA	N
chr1:81500001-81760000	chr1	81500001	81760000	1p	p31.1	FRA1B, FRA1D, FRA1L, FRA1C, FRA1E, FRA1M		1	ADGRL2	coding,nonCoding	protein_coding	Y
chr1:84740001-85390000	chr1	84740001	85390000	1p	p22.3	FRA1B, FRA1D, FRA1L, FRA1C, FRA1E, FRA1M		10	SYDE2,C1orf52,BCL10,BCL10-AS1,DDAH1,MCOLN2,DNAI3,MCOLN3,LPAR3,MIR4423	coding,nonCoding	protein_coding,lncRNA,miRNA	N
chr1:91400001-91660000	chr1	91400001	91660000	1p	p22.2	FRA1B, FRA1D, FRA1L, FRA1C, FRA1E, FRA1M		2	HFM1,CDC7	coding,nonCoding	protein_coding	N
chr1:96710001-96770000	chr1	96710001	96770000	1p	p21.3	FRA1B, FRA1D, FRA1L, FRA1C, FRA1E, FRA1M		1	PTBP2	coding,nonCoding	protein_coding	N
chr10:100170001-100340000	chr10	100170001	100340000	10q	q24.31			8	CWF19L1,ERLIN1,CHUK,CHUK-DT,PKD2L1,SNORA12,RNU6-422P,BLOC1S2	coding,nonCoding	protein_coding,lncRNA,snoRNA,snRNA	N
chr10:104100001-104250000	chr10	104100001	104250000	10q	q25.1			4	CFAP43,MIR609,GSTO1,SFR1	coding,nonCoding	protein_coding,miRNA	N
chr10:110150001-110210000	chr10	110150001	110210000	10q	q25.2	FRA10B, FRA10E	MXI1	1	MXI1	coding	protein_coding	N
chr10:110290001-110490000	chr10	110290001	110490000	10q	q25.2	FRA10B, FRA10E	SMNDC1	2	SMNDC1,DUSP5-DT	coding,nonCoding	protein_coding,lncRNA	N
chr10:114730001-114930000	chr10	114730001	114930000	10q	q25.3			2	ABLIM1,FHIP2A	coding,nonCoding	protein_coding	N
chr10:3380001-3860000	chr10	3380001	3860000	10p	p15.2		KLF6	3	LINC02669,KLF6,LINC02639	nonCoding,coding	lncRNA,protein_coding	N
chr10:56810001-57410000	chr10	56810001	57410000	10q	q21.1	FRA10C, FRA10D, FRA10G		1	MIR3924	nonCoding	miRNA	N
chr10:60730001-60820000	chr10	60730001	60820000	10q	q21.2	FRA10C, FRA10D, FRA10G		3	CDK1,ANK3-DT,ANK3	coding,nonCoding	protein_coding,lncRNA	N,Y
chr10:61650001-61960000	chr10	61650001	61960000	10q	q21.2	FRA10C, FRA10D, FRA10G	ARID5B	3	LINC02625,CABCOCO1,ARID5B	nonCoding,coding	lncRNA,protein_coding	N
chr10:64630001-64910000	chr10	64630001	64910000	10q	q21.3	FRA10C, FRA10D, FRA10G		1	LINC02671	nonCoding	lncRNA	N
chr10:81870001-82120000	chr10	81870001	82120000	10q	q23.1			1	NRG3	coding	protein_coding	Y
chr10:8220001-8540000	chr10	8220001	8540000	10p	p14			1	LINC00708	nonCoding	lncRNA	N
chr10:88560001-88920000	chr10	88560001	88920000	10q	q23.31	FRA10A	RNLS	8	RNLS,LIPJ,LIPF,LIPK,LIPN,LIPM,ANKRD22,STAMBPL1	coding,nonCoding	protein_coding	N
chr10:89270001-89370000	chr10	89270001	89370000	10q	q23.31	FRA10A		3	IFIT2,LIPA,IFIT3	coding	protein_coding	N
chr10:89600001-89720000	chr10	89600001	89720000	10q	q23.31	FRA10A		3	PANK1,PANK1-AS1,KIF20B	coding,nonCoding	protein_coding,lncRNA	N
chr10:92570001-92690000	chr10	92570001	92690000	10q	q23.33	FRA10A	HHEX	4	IDE,KIF11,RN7SL644P,HHEX	coding,nonCoding	protein_coding,misc_RNA	N
chr11:104820001-105000000	chr11	104820001	105000000	11q	q22.3			4	CASP5,CASP12,CASP4LP,CASP4	coding,nonCoding	protein_coding,lncRNA	N
chr11:114180001-114380000	chr11	114180001	114380000	11q	q23.2			2	ZBTB16,NNMT	coding,nonCoding	protein_coding	N
chr11:11810001-12170000	chr11	11810001	12170000	11p	p15.3			6	USP47,LINC02989,MICAL2,DKK3,LINC02547,MIR6124	coding,nonCoding	protein_coding,lncRNA,miRNA	N
chr11:22950001-23300000	chr11	22950001	23300000	11p	p14.3			1	LINC02718	nonCoding	lncRNA	N
chr11:23650001-24090000	chr11	23650001	24090000	11p	p14.3			2	LINC02726,RNU6-783P	nonCoding	lncRNA,snRNA	N
chr11:27620001-27790000	chr11	27620001	27790000	11p	p14.1			3	BDNF,BDNF-AS,LINC00678	coding,nonCoding	protein_coding,lncRNA	N
chr11:34010001-34670000	chr11	34010001	34670000	11p	p13	FRA11E	CAPRIN1	7	CAPRIN1,NAT10,ELF5,LINC02707,ABTB2,CAT,EHF	coding,nonCoding	protein_coding,lncRNA	N
chr11:38750001-39390000	chr11	38750001	39390000	11p	p12			1	RNU6-99P	nonCoding	snRNA	N
chr11:85760001-86010000	chr11	85760001	86010000	11q	q14.1	FRA11F	PICALM	3	SYTL2,CCDC83,PICALM	coding,nonCoding	protein_coding	N
chr11:86070001-86350000	chr11	86070001	86350000	11q	q14.2	FRA11F		6	LINC02695,EED,MIR6755,RN7SL225P,HIKESHI,RNU6-560P	nonCoding,coding	lncRNA,protein_coding,miRNA,misc_RNA,snRNA	N
chr11:90680001-90870000	chr11	90680001	90870000	11q	q14.3			2	DISC1FP1,MIR1261	nonCoding	lncRNA,miRNA	Y,N
chr12:22150001-22360000	chr12	22150001	22360000	12p	p12.1			2	ST8SIA1,RNU1-149P	coding,nonCoding	protein_coding,snRNA	N
chr12:45910001-46170000	chr12	45910001	46170000	12q	q12	FRA12A		1	SCAF11	coding,nonCoding	protein_coding	N
chr12:68200001-68310000	chr12	68200001	68310000	12q	q15			4	IL26,IFNG-AS1,IL22,MDM1	coding,nonCoding	protein_coding,lncRNA	N
chr12:75310001-75860000	chr12	75310001	75860000	12q	q21.2			6	GLIPR1L1,CAPS2,KRR1,GLIPR1L2,GLIPR1,GLIPR1-AS1	coding,nonCoding	protein_coding,lncRNA	N
chr12:78770001-78880000	chr12	78770001	78880000	12q	q21.2			1	SYT1	coding	protein_coding	Y
chr12:89190001-89420000	chr12	89190001	89420000	12q	q21.33	FRA12B	DUSP6	4	DUSP6,POC1B,LINC02458,RNU7-120P	coding,nonCoding	protein_coding,lncRNA,snRNA	N
chr12:9780001-10060000	chr12	9780001	10060000	12p	p13.31		CLEC12A	10	CLEC12A-AS1,KLRF2,CLEC2A,LINC02470,CLEC9A,CLEC12A,CLEC1B,CLEC12B,KLRF1,CLEC2B	nonCoding,coding	lncRNA,protein_coding	N
chr13:102670001-102990000	chr13	102670001	102990000	13q	q33.1			9	TEX30,POGLUT2,BIVM-ERCC5,BIVM,ERCC5,METTL21EP,TPP2,METTL21C,CCDC168	coding,nonCoding	protein_coding	N
chr13:27030001-27700000	chr13	27030001	27700000	13q	q12.13			17	RNU6-70P,SNORD102,SNORA27,RASL11A,USP12,USP12-AS1,USP12-DT,LINC02340,LINC00412,RPL21,LINC01079,RNY1P1,GTF3A,MTIF3,RNU6-63P,LNX2,POLR1D	nonCoding,coding	snRNA,snoRNA,protein_coding,lncRNA,misc_RNA	N
chr13:29850001-30210000	chr13	29850001	30210000	13q	q12.3		KATNAL1	8	LINC00384,LINC00572,LINC00544,LINC00365,UBL3,LINC00297,LINC00385,KATNAL1	nonCoding,coding	lncRNA,protein_coding	N
chr13:30560001-31290000	chr13	30560001	31290000	13q	q12.3		HMGB1	11	TEX26,B3GLCT,USPL1,LINC01066,HSPH1,HMGB1,TEX26-AS1,ALOX5AP,LINC00398,LINC00545,MEDAG	coding,nonCoding	protein_coding,lncRNA	N
chr13:37360001-37510000	chr13	37360001	37510000	13q	q13.3			1	LINC01048	nonCoding	lncRNA	N
chr13:39890001-40320000	chr13	39890001	40320000	13q	q14.11			3	LINC00598,LINC00332,RNY3P9	nonCoding	lncRNA,misc_RNA	N
chr13:48550001-49000000	chr13	48550001	49000000	13q	q14.2		CYSLTR2	6	RB1,LINC01077,LINC00462,CYSLTR2,FNDC3A,RNU6-60P	coding,nonCoding	protein_coding,lncRNA,snRNA	N
chr13:50870001-50940000	chr13	50870001	50940000	13q	q14.3			3	RNASEH2B-AS1,RNASEH2B,DLEU1	nonCoding,coding	lncRNA,protein_coding	N,Y
chr13:58740001-59480000	chr13	58740001	59480000	13q	q21.1	FRA13B, FRA13C		1				
chr13:60130001-60200000	chr13	60130001	60200000	13q	q21.2	FRA13B, FRA13C		3	DIAPH3,DIAPH3-AS2,RNY4P28	coding,nonCoding	protein_coding,lncRNA,misc_RNA	N
chr13:64790001-65130000	chr13	64790001	65130000	13q	q21.31	FRA13B, FRA13C		1				
chr13:67000001-67500000	chr13	67000001	67500000	13q	q21.32	FRA13B, FRA13C		3	PCDH9,PCDH9-AS4,LINC00364	coding,nonCoding	protein_coding,lncRNA	Y,N
chr13:68170001-69050000	chr13	68170001	69050000	13q	q21.33	FRA13B, FRA13C		3	RN7SL761P,LINC00550,LINC02342	nonCoding	misc_RNA,lncRNA	N
chr13:70000001-70600000	chr13	70000001	70600000	13q	q21.33	FRA13B, FRA13C		3	ATXN8OS,RNU6-54P,KLHL1	nonCoding,coding	lncRNA,snRNA,protein_coding	N
chr13:71000001-71240000	chr13	71000001	71240000	13q	q21.33	FRA13B, FRA13C		1	LINC00348	nonCoding	lncRNA	N
chr13:90210001-90390000	chr13	90210001	90390000	13q	q31.3			1	MIR622	nonCoding	miRNA	N
chr14:29420001-29520000	chr14	29420001	29520000	14q	q12			1	RNU11-5P	nonCoding	snRNA	N
chr14:30520001-30620000	chr14	30520001	30620000	14q	q12			2	G2E3-AS1,G2E3	nonCoding,coding	lncRNA,protein_coding	N
chr14:40150001-40440000	chr14	40150001	40440000	14q	q21.1			1				
chr14:40740001-41000000	chr14	40740001	41000000	14q	q21.1			1	LINC02315	nonCoding	lncRNA	N
chr14:41380001-41530000	chr14	41380001	41530000	14q	q21.1			1				
chr14:41760001-41990000	chr14	41760001	41990000	14q	q21.1			1	LRFN5	coding	protein_coding	N
chr14:43570001-43800000	chr14	43570001	43800000	14q	q21.2			1				
chr14:44940001-45220000	chr14	44940001	45220000	14q	q21.2			9	KLHL28,TOGARAM1,PRPF39-DT,PRPF39,SNORD58,SNORD127,FKBP3,FANCM,MIS18BP1	coding,nonCoding	protein_coding,lncRNA,snoRNA	N
chr14:54910001-55250000	chr14	54910001	55250000	14q	q22.2			5	WDHD1,SOCS4,MAPK1IP1L,LGALS3,DLGAP5	coding,nonCoding	protein_coding	N
chr14:60120001-60240000	chr14	60120001	60240000	14q	q23.1	FRA14B, FRA14C		2	PCNX4,DHRS7	coding,nonCoding	protein_coding	N
chr14:61150001-61330000	chr14	61150001	61330000	14q	q23.1	FRA14B, FRA14C		3	PRKCH,TMEM30B,PRKCH-AS1	coding,nonCoding	protein_coding,lncRNA	N
chr14:64560001-64710000	chr14	64560001	64710000	14q	q23.3	FRA14B, FRA14C		2	PPP1R36,PLEKHG3	coding,nonCoding	protein_coding	N
chr14:80770001-81040000	chr14	80770001	81040000	14q	q31.1			2	CEP128,TSHR	coding,nonCoding	protein_coding	N
chr15:25490001-25810000	chr15	25490001	25810000	15q	q11.2			2	LINC02250,ATP10A	nonCoding,coding	lncRNA,protein_coding	N
chr15:26060001-26770000	chr15	26060001	26770000	15q	q12			3	LINC00929,LINC02248,GABRB3	nonCoding,coding	lncRNA,protein_coding	N
chr15:39580001-40120000	chr15	39580001	40120000	15q	q14		BMF	11	THBS1,THBS1-IT1,THBS1-AS1,FSIP1,GPR176,GPR176-DT,EIF2AK4,SRP14,SRP14-DT,BMF,BMF-AS1	coding,nonCoding	protein_coding,lncRNA	N
chr15:45330001-45730000	chr15	45330001	45730000	15q	q21.1			10	RNU6-953P,GATM,SPATA5L1,C15orf48,MIR147B,SLC30A4-AS1,SLC30A4,SNORA41B,BLOC1S6,SQOR	nonCoding,coding	snRNA,protein_coding,miRNA,lncRNA,snoRNA	N
chr15:45790001-46040000	chr15	45790001	46040000	15q	q21.1			1				
chr15:48700001-49070000	chr15	48700001	49070000	15q	q21.1		SECISBP2L	5	CEP152,SHC4,EID1,SECISBP2L,RN7SL577P	coding,nonCoding	protein_coding,misc_RNA	N
chr15:49940001-50940000	chr15	49940001	50940000	15q	q21.2			15	ATP8B4,SLC27A2,HDC,RN7SL494P,GABPB1,RNU6-94P,GABPB1-IT1,GABPB1-AS1,MIR4712,USP8,USP50,TRPM7,RN7SL354P,SPPL2A,AP4E1	coding,nonCoding	protein_coding,misc_RNA,snRNA,lncRNA,miRNA	N
chr15:55230001-55270000	chr15	55230001	55270000	15q	q21.3			1	RAB27A	coding,nonCoding	protein_coding	N
chr15:64000001-64150000	chr15	64000001	64150000	15q	q22.31	FRA15A	DAPK2	3	DAPK2,CIAO2A,SNX1	coding,nonCoding	protein_coding	N
chr15:69630001-69850000	chr15	69630001	69850000	15q	q23			1	DRAIC	nonCoding	lncRNA	N
chr15:95100001-95660000	chr15	95100001	95660000	15q	q26.2			2	LETR1,LINC00924	nonCoding	lncRNA	N
chr15:95920001-96320000	chr15	95920001	96320000	15q	q26.2			2	NR2F2-AS1,LINC02157	nonCoding	lncRNA	N
chr15:98280001-98630000	chr15	98280001	98630000	15q	q26.3		FAM169B	1	LINC02351	nonCoding	lncRNA	N
chr16:56160001-56280000	chr16	56160001	56280000	16q	q13			4	GNAO1-AS1,MIR3935,GNAO1-DT,GNAO1	nonCoding,coding	lncRNA,miRNA,protein_coding	N
chr16:59940001-60070000	chr16	59940001	60070000	16q	q21			1	LINC02141	nonCoding	lncRNA	N
chr16:6870001-7000000	chr16	6870001	7000000	16p	p13.3			2	RBFOX1,RNU6-457P	coding,nonCoding	protein_coding,snRNA	Y,N
chr16:79220001-79420000	chr16	79220001	79420000	16q	q23.2	FRA16D		1				
chr17:12580001-13030000	chr17	12580001	13030000	17p	p12	FRA17A		7	MYOCD-AS1,ARHGAP44-AS1,LINC00670,MYOCD,ELAC2,ARHGAP44,MIR1269B	nonCoding,coding	lncRNA,protein_coding,miRNA	N
chr17:37550001-37830000	chr17	37550001	37830000	17q	q12		DDX52	5	MIR378J,DDX52,SYNRG,HNF1B,YWHAEP7	nonCoding,coding	miRNA,protein_coding,lncRNA	N
chr17:40580001-41080000	chr17	40580001	41080000	17q	q21.2			25	SMARCE1,KRT222,KRT20,KRT23,KRT39,KRT40,KRTAP3-3,KRT24,KRT25,KRT26,KRT27,KRT28,KRT10,KRT10-AS1,KRT12,KRTAP2-3,KRTAP2-4,KRTAP3-1,KRTAP1-5,KRTAP1-4,KRTAP3-2,KRTAP1-1,KRTAP2-1,KRTAP2-2,KRTAP1-3	coding,nonCoding	protein_coding,lncRNA	N
chr17:47130001-47330000	chr17	47130001	47330000	17q	q21.32			6	CDC27,MYL4,ITGB3,EFCAB13,RNU7-186P,EFCAB13-DT	coding,nonCoding	protein_coding,snRNA,lncRNA	N
chr17:61210001-62030000	chr17	61210001	62030000	17q	q23.2			10	BRIP1,NACA2,BCAS3,INTS2,MED13,RN7SL800P,TBX4,TBX2-AS1,TBX2,LINC02875	coding,nonCoding	protein_coding,misc_RNA,lncRNA	N,Y
chr17:70820001-70930000	chr17	70820001	70930000	17q	q24.3			1				
chr17:7970001-8880000	chr17	7970001	8880000	17p	p13.1		GUCY2D	32	HES7,LINC00324,CTC1,PFAS,SLC25A35,RANGRF,PER1,MIR6883,VAMP2,TMEM107,SNORD118,MIR4521,BORCS6,AURKB,CCDC42,SPDYE4,MFSD6L,PIK3R6,PIK3R5,ARHGEF15,ODF4,KRBA2,RPL26,RNF222,NDEL1,MYH10,RNU7-43P,GUCY2D,ALOX15B,ALOX12B,MIR4314,ALOXE3	coding,nonCoding	protein_coding,lncRNA,miRNA,snoRNA,snRNA	N
chr18:23340001-23920000	chr18	23340001	23920000	18q	q11.2			6	ANKRD29,LAMA3,RIOK3,RMC1,NPC1,TMEM241	coding,nonCoding	protein_coding	N
chr18:26010001-26200000	chr18	26010001	26200000	18q	q11.2			2	SS18,PSMA8	coding,nonCoding	protein_coding	N
chr18:3290001-3870000	chr18	3290001	3870000	18p	p11.31		TGIF1	7	RN7SL39P,DLGAP1-AS1,DLGAP1-AS2,GAPLINC,DLGAP1,LINC01895,TGIF1	nonCoding,coding	misc_RNA,lncRNA,protein_coding	N,Y
chr18:67660001-68170000	chr18	67660001	68170000	18q	q22.1			2	DSEL-AS1,LINC01903	nonCoding	lncRNA	N
chr18:7050001-7330000	chr18	7050001	7330000	18p	p11.31			2	LAMA1,LRRC30	coding,nonCoding	protein_coding	N
chr18:71590001-72480000	chr18	71590001	72480000	18q	q22.3			1	LINC01899	nonCoding	lncRNA	N
chr18:74070001-74800000	chr18	74070001	74800000	18q	q22.3			11	FBXO15,TIMM21,RN7SL551P,CYB5A,C18orf63,LINC01922,DIPK1C,CNDP2,CNDP1,ZNF407-AS1,ZNF407	coding,nonCoding	protein_coding,misc_RNA,lncRNA	N
chr19:23440001-23570000	chr19	23440001	23570000	19p	p12			1	ZNF675	coding,nonCoding	protein_coding	N
chr2:105550001-105760000	chr2	105550001	105760000	2q	q12.2			2	LINC02946,NCK2	nonCoding,coding	lncRNA,protein_coding	N
chr2:117950001-118100000	chr2	117950001	118100000	2q	q14.1			3	RN7SL111P,CCDC93,INSIG2	nonCoding,coding	misc_RNA,protein_coding	N
chr2:136210001-136490000	chr2	136210001	136490000	2q	q22.1			1	RN7SKP141	nonCoding	misc_RNA	N
chr2:139790001-140010000	chr2	139790001	140010000	2q	q22.1			1	RN7SL283P	nonCoding	misc_RNA	N
chr2:144180001-144250000	chr2	144180001	144250000	2q	q22.3	FRA2K		1	GTDC1	coding,nonCoding	protein_coding	N
chr2:149560001-149630000	chr2	149560001	149630000	2q	q23.2			3	MMADHC,MMADHC-DT,RNU6-601P	coding,nonCoding	protein_coding,lncRNA,snRNA	N
chr2:162110001-162360000	chr2	162110001	162360000	2q	q24.2		GCG	4	FAP,GCG,IFIH1,GCA	coding,nonCoding	protein_coding	N
chr2:168870001-168900000	chr2	168870001	168900000	2q	q24.3	FRA2G, FRA2H		1	SPC25	coding	protein_coding	N
chr2:173750001-174250000	chr2	173750001	174250000	2q	q31.1	FRA2G, FRA2H	OLA1	4	SP3,LINC01960,OLA1,RN7SL65P	coding,nonCoding	protein_coding,lncRNA,misc_RNA	N
chr2:174620001-175460000	chr2	174620001	175460000	2q	q31.1	FRA2G, FRA2H	WIPF1	8	MIR933,WIPF1,CHRNA1,CHN1,RNU6-763P,RNU6-1290P,ATF2,ATP5MC3	nonCoding,coding	miRNA,protein_coding,snRNA	N
chr2:176890001-177600000	chr2	176890001	177600000	2q	q31.1	FRA2G, FRA2H		8	RNU6-187P,HNRNPA3,MIR4444-1,NFE2L2,MIR3128,MIR6512,AGPS,TTC30B	nonCoding,coding	snRNA,protein_coding,miRNA	N
chr2:184160001-184580000	chr2	184160001	184580000	2q	q32.1	FRA2G, FRA2H		1	MIR548AE1	nonCoding	miRNA	N
chr2:19840001-20070000	chr2	19840001	20070000	2p	p24.1			8	MATN3,LAPTM4A,LAPTM4A-DT,TTC32-DT,WDR35,LINC00954,TTC32,WDR35-DT	coding,nonCoding	protein_coding,lncRNA	N
chr2:200280001-200580000	chr2	200280001	200580000	2q	q33.1	FRA2I		4	KCTD18,SGO2,SPATS2L,RNY4P34	coding,nonCoding	protein_coding,misc_RNA	N
chr2:202860001-203090000	chr2	202860001	203090000	2q	q33.2	FRA2I		4	NBEAL1,ICA1L,WDR12,CARF	coding,nonCoding	protein_coding	N
chr2:204000001-204230000	chr2	204000001	204230000	2q	q33.2	FRA2I		1				
chr2:213100001-213250000	chr2	213100001	213250000	2q	q34			2	IKZF2,LINC01953	coding,nonCoding	protein_coding,lncRNA	N
chr2:230930001-231180000	chr2	230930001	231180000	2q	q37.1		SPATA3	7	HTR2B,RNU1-93P,GPR55,SPATA3-AS1,SPATA3,C2orf72,PSMD1	coding,nonCoding	protein_coding,snRNA,lncRNA	N
chr2:233830001-234090000	chr2	233830001	234090000	2q	q37.1			4	SPP2,MROH2A,HJURP,TRPM8	coding,nonCoding	protein_coding	N
chr2:27660001-27930000	chr2	27660001	27930000	2p	p23.3			6	LINC01460,MRPL33,SUPT7L,SLC4A1AP,BABAM2,RBKS	nonCoding,coding	lncRNA,protein_coding	N
chr2:28210001-29080000	chr2	28210001	29080000	2p	p23.2			14	SPDYA,PCARE,PPP1CB,FOSL2-AS1,FOSL2,PLB1,PPP1CB-DT,SNORD92,SNORD53,TRMT61B,WDR43,TOGARAM2,BABAM2,SNORD53B	coding,nonCoding	protein_coding,lncRNA,snoRNA	N
chr2:37430001-37640000	chr2	37430001	37640000	2p	p22.2			3	RNU6-1116P,LINC03063,CDC42EP3-AS1	nonCoding	snRNA,lncRNA	N
chr2:4140001-4270000	chr2	4140001	4270000	2p	p25.3			1				
chr2:46180001-46450000	chr2	46180001	46450000	2p	p21		PRKCE	5	LINC02583,RN7SL817P,EPAS1,LINC01820,PRKCE	nonCoding,coding	lncRNA,misc_RNA,protein_coding	N,Y
chr2:4770001-4860000	chr2	4770001	4860000	2p	p25.2			1				
chr2:60820001-61020000	chr2	60820001	61020000	2p	p16.1		REL	6	RNU4-51P,RN7SL632P,REL,REL-DT,PUS10,PEX13	nonCoding,coding	snRNA,misc_RNA,protein_coding,lncRNA	N
chr2:68260001-68580000	chr2	68260001	68580000	2p	p14	FRA2E	CNRIP1	4	CNRIP1,PLEK,FBXO48,APLF	coding,nonCoding	protein_coding	N
chr2:68860001-68950000	chr2	68860001	68950000	2p	p13.3	FRA2E	BMP10	2	GKN2,BMP10	coding	protein_coding	N
chr2:9560001-9730000	chr2	9560001	9730000	2p	p25.1			1	YWHAQ	coding	protein_coding	N
chr2:9920001-10190000	chr2	9920001	10190000	2p	p25.1			5	TAF1B,GRHL1,KLF11,CYS1,RRM2	coding,nonCoding	protein_coding	N
chr20:31710001-31790000	chr20	31710001	31790000	20q	q11.21		BCL2L1	4	BCL2L1,BCL2L1-AS1,ABALON,TPX2	coding,nonCoding	protein_coding,lncRNA	N
chr21:17590001-17630000	chr21	17590001	17630000	21q	q21.1			3	CXADR,BTG3,BTG3-AS1	coding,nonCoding	protein_coding,lncRNA	N
chr21:19570001-20080000	chr21	19570001	20080000	21q	q21.1			1	LINC01683	nonCoding	lncRNA	N
chr21:25440001-25800000	chr21	25440001	25800000	21q	q21.2		SIK1, MRPL39	6	MIR155HG,MIR155,MRPL39,JAM2,ATP5PF,GABPA	nonCoding,coding	lncRNA,miRNA,protein_coding	N
chr21:27500001-27860000	chr21	27500001	27860000	21q	q21.3			2	LINC01673,LINC00113	nonCoding	lncRNA	N
chr22:33840001-34120000	chr22	33840001	34120000	22q	q12.3			3	LARGE1,LARGE1-AS1,LINC01643	coding,nonCoding	protein_coding,lncRNA	Y,N
chr3:112520001-112640000	chr3	112520001	112640000	3q	q13.2		ATG3, SLC35A5	3	ATG3,SLC35A5,CCDC80	coding,nonCoding	protein_coding	N
chr3:113770001-114380000	chr3	113770001	114380000	3q	q13.31		TIGIT	11	ATP6V1A,GRAMD1C,ZDHHC23,CCDC191,QTRT2,DRD3,ZNF80,TIGIT,ZBTB20,MIR568,ZBTB20-AS1	coding,nonCoding	protein_coding,miRNA,lncRNA	N,Y
chr3:139710001-139850000	chr3	139710001	139850000	3q	q23			1	COPB2-DT	nonCoding	lncRNA	N
chr3:148930001-149290000	chr3	148930001	149290000	3q	q24	FRA3D		6	GYG1,HLTF,HLTF-AS1,HPS3,CP,TM4SF18-AS1	coding,nonCoding	protein_coding,lncRNA	N
chr3:150170001-150680000	chr3	150170001	150680000	3q	q25.1	FRA3D	SERP1	7	LINC01213,LINC01214,TSC22D2,SERP1,EIF2A,ERICH6,SELENOT	nonCoding,coding	lncRNA,protein_coding	N
chr3:150740001-150820000	chr3	150740001	150820000	3q	q25.1	FRA3D		2	SIAH2-AS1,SIAH2	nonCoding,coding	lncRNA,protein_coding	N
chr3:156480001-157030000	chr3	156480001	157030000	3q	q25.31	FRA3D	TIPARP	7	KCNAB1,SSR3,TIPARP,LINC00886,LEKR1,TIPARP-AS1,RN7SKP177	nonCoding,coding	protein_coding,lncRNA,misc_RNA	Y,N
chr3:162540001-162660000	chr3	162540001	162660000	3q	q26.1			1				
chr3:186340001-186910000	chr3	186340001	186910000	3q	q27.3	FRA3C	RFC4, EIF4A2, SNORA81, SNORD2	23	DGKG,LINC02020,LINC02052,LINC02051,CRYGS,TBCCD1,DNAJB11,HRG-AS1,AHSG,FETUB,HRG,KNG1,RNU6-1105P,EIF4A2,SNORD2,SNORA63B,MIR1248,SNORA81,SNORA4,RFC4,LINC02043,ADIPOQ,ADIPOQ-AS1	coding,nonCoding	protein_coding,lncRNA,snRNA,snoRNA,miRNA	N
chr3:188690001-189530000	chr3	188690001	189530000	3q	q28		LPP	4	LPP,TPRG1-AS1,TPRG1,TPRG1-AS2	coding,nonCoding	protein_coding,lncRNA	Y,N
chr3:2440001-2890000	chr3	2440001	2890000	3p	p26.3			1	CNTN4	coding,nonCoding	protein_coding	Y
chr3:3580001-3700000	chr3	3580001	3700000	3p	p26.2			1				
chr3:36970001-37400000	chr3	36970001	37400000	3p	p22.2			7	RNU6-1301P,EPM2AIP1,LRRFIP2,GOLGA4-AS1,MLH1,APRG1,GOLGA4	nonCoding,coding	snRNA,protein_coding,lncRNA	N
chr3:38140001-38260000	chr3	38140001	38260000	3p	p22.2			2	OXSR1,MYD88	coding,nonCoding	protein_coding	N
chr3:39000001-39570000	chr3	39000001	39570000	3p	p22.2			14	SCN11A,RNU6-1227P,WDR48,RPSA,SNORA6,MOBP,MIR6822,CSRNP1,GORASP1,TTC21A,CCR8,SLC25A38,XIRP1,CX3CR1	coding,nonCoding	protein_coding,snRNA,snoRNA,miRNA	N
chr3:45230001-46010000	chr3	45230001	46010000	3p	p21.31		LARS2	11	LARS2,LARS2-AS1,CXCR6,LIMD1,LIMD1-AS1,SACM1L,RN7SL145P,SLC6A20,LZTFL1,CCR9,FYCO1	coding,nonCoding	protein_coding,lncRNA,misc_RNA	N
chr3:46340001-46490000	chr3	46340001	46490000	3p	p21.31		CCR2	6	CCR5AS,CCR5,LINC02009,LTF,CCR2,CCRL2	nonCoding,coding	lncRNA,protein_coding	N
chr3:7220001-7590000	chr3	7220001	7590000	3p	p26.1			2	GRM7-AS1,GRM7	nonCoding,coding	lncRNA,protein_coding	N,Y
chr3:97750001-97900000	chr3	97750001	97900000	3q	q11.2			3	EPHA6,ARL6,CRYBG3	coding	protein_coding	Y,N
chr3:98330001-98650000	chr3	98330001	98650000	3q	q11.2		CLDND1	7	GPR15,CPOX,OR5K4,OR5K3,OR5K1,OR5K2,CLDND1	coding,nonCoding	protein_coding	N
chr4:101300001-101610000	chr4	101300001	101610000	4q	q24		PPP3CA	4	BANK1,PPP3CA,MIR1255A,FLJ20021	coding,nonCoding	protein_coding,miRNA,lncRNA	Y,N
chr4:121740001-121970000	chr4	121740001	121970000	4q	q27			7	CCNA2,SMIM43,PP12613,EXOSC9,BBS7,BBS7-DT,TRPC3	coding,nonCoding	protein_coding,lncRNA	N
chr4:126420001-126830000	chr4	126420001	126830000	4q	q28.1			1				
chr4:147640001-147760000	chr4	147640001	147760000	4q	q31.23			3	PRMT9,TMEM184C,ARHGAP10	coding,nonCoding	protein_coding	N
chr4:151820001-152500000	chr4	151820001	152500000	4q	q31.3		FBXW7	6	RN7SL446P,LINC03074,LINC02273,FBXW7,FBXW7-AS1,MIR3140	nonCoding,coding	misc_RNA,lncRNA,protein_coding,miRNA	N
chr4:173290001-173370000	chr4	173290001	173370000	4q	q34.1			4	GALNT7,HMGB2,SAP30-DT,SAP30	coding,nonCoding	protein_coding,lncRNA	N
chr4:177270001-177330000	chr4	177270001	177330000	4q	q34.3			1	NEIL3	coding	protein_coding	N
chr4:17780001-18080000	chr4	17780001	18080000	4p	p15.31	FRA4D, FRA4A		4	FAM184B,DCAF16,NCAPG,LCORL	coding,nonCoding	protein_coding	N
chr4:185340001-185530000	chr4	185340001	185530000	4q	q35.1			8	SNX25,C4orf47,CCDC110,PDLIM3,LRP2BP-AS1,ANKRD37,UFSP2,LRP2BP	coding,nonCoding	protein_coding,lncRNA	N
chr4:187290001-187370000	chr4	187290001	187370000	4q	q35.2			1				
chr4:187890001-188060000	chr4	187890001	188060000	4q	q35.2			1	ZFP42	coding	protein_coding	N
chr4:188160001-188380000	chr4	188160001	188380000	4q	q35.2			1	LINC02434	nonCoding	lncRNA	N
chr4:20800001-21000000	chr4	20800001	21000000	4p	p15.31	FRA4D, FRA4A		1	KCNIP4	coding,nonCoding	protein_coding	Y
chr4:22750001-23000000	chr4	22750001	23000000	4p	p15.2	FRA4D, FRA4A		1	GBA3	coding	protein_coding	N
chr4:36080001-36430000	chr4	36080001	36430000	4p	p14		ARAP2	3	MIR1255B1,ARAP2,DTHD1	nonCoding,coding	miRNA,protein_coding	N
chr4:61770001-61910000	chr4	61770001	61910000	4q	q13.1			1	ADGRL3	coding,nonCoding	protein_coding	Y
chr4:80140001-80480000	chr4	80140001	80480000	4q	q21.21			4	PRDM8,FGF5,CFAP299,PRDM8-AS1	coding,nonCoding	protein_coding,lncRNA	N,Y
chr5:100650001-100970000	chr5	100650001	100970000	5q	q21.1	FRA5B, FRA5D, FRA5F	ST8SIA4	3	RN7SKP62,ST8SIA4,MIR548P	nonCoding,coding	misc_RNA,protein_coding,miRNA	N
chr5:105740001-105860000	chr5	105740001	105860000	5q	q21.3	FRA5B, FRA5D, FRA5F		1				
chr5:112480001-113010000	chr5	112480001	113010000	5q	q22.2			6	DCP2,LINC02200,APC,RNU6-482P,SRP19,REEP5	coding,nonCoding	protein_coding,lncRNA,snRNA	N
chr5:126760001-126840000	chr5	126760001	126840000	5q	q23.2			2	LMNB1-DT,LMNB1	nonCoding,coding	lncRNA,protein_coding	N
chr5:140020001-140230000	chr5	140020001	140230000	5q	q31.2			5	NRG2,MALINC1,PURA,IGIP,CYSTM1	coding,nonCoding	protein_coding,lncRNA	N
chr5:142210001-142940000	chr5	142210001	142940000	5q	q31.3		ARHGAP26	6	ARHGAP26,SPRY4,ARHGAP26-AS1,FGF1,LINC01844,SPRY4-AS1	coding,nonCoding	protein_coding,lncRNA	N
chr5:143060001-143840000	chr5	143060001	143840000	5q	q31.3		ARHGAP26	6	RNU7-156P,ARHGAP26-IT1,NR3C1,ARHGAP26,MIR5197,HMHB1	nonCoding,coding	snRNA,lncRNA,protein_coding,miRNA	N
chr5:160410001-160500000	chr5	160410001	160500000	5q	q33.3			5	PTTG1,SLU7,MIR3142HG,MIR3142,MIR146A	nonCoding,coding	protein_coding,lncRNA,miRNA	N
chr5:163410001-163500000	chr5	163410001	163500000	5q	q34			4	HMMR,CCNG1,HMMR-AS1,NUDCD2	coding,nonCoding	protein_coding,lncRNA	N
chr5:165480001-165920000	chr5	165480001	165920000	5q	q34			1	RN7SKP60	nonCoding	misc_RNA	N
chr5:16880001-17440000	chr5	16880001	17440000	5p	p15.1		MYO10	8	BASP1-AS1,RNU6-1003P,MYO10,RNU6-660P,BASP1,LINC02217,RN7SKP133,LINC02111	nonCoding,coding	lncRNA,snRNA,protein_coding,misc_RNA	N
chr5:19900001-19970000	chr5	19900001	19970000	5p	p14.3	FRA5A, FRA5E		1	CDH18	coding	protein_coding	Y
chr5:22260001-22430000	chr5	22260001	22430000	5p	p14.3	FRA5A, FRA5E		1	CDH12	coding,nonCoding	protein_coding	Y
chr5:22740001-23000000	chr5	22740001	23000000	5p	p14.3	FRA5A, FRA5E		1	CDH12	coding,nonCoding	protein_coding	Y
chr5:25280001-25420000	chr5	25280001	25420000	5p	p14.1	FRA5A, FRA5E		1	LINC02211	nonCoding	lncRNA	N
chr5:27030001-27250000	chr5	27030001	27250000	5p	p14.1	FRA5A, FRA5E		3	CDH9,RNU6-738P,PURPL	coding,nonCoding	protein_coding,snRNA,lncRNA	N
chr5:3210001-3300000	chr5	3210001	3300000	5p	p15.33			1				
chr5:40020001-40520000	chr5	40020001	40520000	5p	p13.1	FRA5A, FRA5E		4	LINC00604,RNU1-150P,LINC00603,TTC33	nonCoding,coding	lncRNA,snRNA,protein_coding	N
chr5:54820001-55010000	chr5	54820001	55010000	5q	q11.2			1	ESM1	coding	protein_coding	N
chr5:66910001-67040000	chr5	66910001	67040000	5q	q12.3		MAST4	2	MAST4,MAST4-AS1	coding,nonCoding	protein_coding,lncRNA	Y,N
chr5:68300001-68560000	chr5	68300001	68560000	5q	q13.1			1	PIK3R1	nonCoding,coding	protein_coding	N
chr5:75260001-75640000	chr5	75260001	75640000	5q	q13.3		POLK	5	CERT1,POLK,HMGCR,RNU7-175P,ANKDD1B	coding,nonCoding	protein_coding,snRNA	N
chr5:90350001-90580000	chr5	90350001	90580000	5q	q14.3			5	MBLAC2,POLR3G,CETN3,LYSMD3,ADGRV1	coding,nonCoding	protein_coding	N,Y
chr5:95460001-96100000	chr5	95460001	96100000	5q	q15	FRA5B, FRA5D, FRA5F		12	MIR583HG,MIR583,SKIC3,RNU6-308P,ARSK,GPR150,RFESD,SPATA9,RHOBTB3,GLRX,LINC01554,ELL2	nonCoding,coding	lncRNA,miRNA,protein_coding,snRNA	N
chr6:105520001-106160000	chr6	105520001	106160000	6q	q21	FRA6F	PRDM1	4	ATG5,LINC02836,RN7SKP211,PRDM1	coding,nonCoding	protein_coding,lncRNA,misc_RNA	N
chr6:110090001-110220000	chr6	110090001	110220000	6q	q21	FRA6F		2	WASF1,CDC40	coding,nonCoding	protein_coding	N
chr6:115180001-115370000	chr6	115180001	115370000	6q	q22.1			1				
chr6:116530001-116640000	chr6	116530001	116640000	6q	q22.1			5	CALHM4,TRAPPC3L,RWDD1,RSPH4A,ZUP1	coding	protein_coding	N
chr6:129750001-130130000	chr6	129750001	130130000	6q	q22.33			2	L3MBTL3,TMEM244	coding,nonCoding	protein_coding	N
chr6:131460001-131680000	chr6	131460001	131680000	6q	q23.2			4	RNU4-18P,ARG1,MED23,ENPP3	nonCoding,coding	snRNA,protein_coding	N
chr6:13440001-14270000	chr6	13440001	14270000	6p	p23	FRA6A		10	GFOD1,RANBP9,MCUR1,RNF182,CD83,RNU7-133P,GFOD1-AS1,RN7SKP204,SIRT5,NOL7	coding,nonCoding	protein_coding,snRNA,lncRNA,misc_RNA	N
chr6:135320001-135770000	chr6	135320001	135770000	6q	q23.3			3	AHI1,AHI1-DT,LINC02524	coding,nonCoding	protein_coding,lncRNA	N
chr6:137190001-137700000	chr6	137190001	137700000	6q	q23.3			3	IFNGR1,OLIG3,LINC03004	coding,nonCoding	protein_coding,lncRNA	N
chr6:137720001-137820000	chr6	137720001	137820000	6q	q23.3			2	LINC02539,LINC03004	nonCoding	lncRNA	N
chr6:143340001-144030000	chr6	143340001	144030000	6q	q24.2			10	AIG1,ADAT2,PEX3,FUCA2,PHACTR2,PHACTR2-AS1,LTV1,ZC2HC1B,PLAGL1,HYMAI	coding,nonCoding	protein_coding,lncRNA	N
chr6:157240001-157440000	chr6	157240001	157440000	6q	q25.3			3	ZDHHC14,TMEM242-DT,TMEM242	coding,nonCoding	protein_coding,lncRNA	N
chr6:161490001-162220000	chr6	161490001	162220000	6q	q26	FRA6E		1	PRKN	coding,nonCoding	protein_coding	Y
chr6:162330001-162500000	chr6	162330001	162500000	6q	q26	FRA6E		1	PRKN	coding,nonCoding	protein_coding	Y
chr6:164130001-164600000	chr6	164130001	164600000	6q	q27			1				
chr6:16520001-16740000	chr6	16520001	16740000	6p	p22.3		ATXN1	1	ATXN1	coding	protein_coding	N
chr6:28130001-28490000	chr6	28130001	28490000	6p	p22.1			14	ZSCAN16-AS1,ZSCAN16,ZKSCAN8,ZKSCAN8P1,ZSCAN9,ZKSCAN4,NKAPL,ZSCAN26,PGBD1,ZSCAN31,ZKSCAN3,ZSCAN12,RNU2-45P,ZSCAN23	nonCoding,coding	lncRNA,protein_coding,snRNA	N
chr6:32200001-32440000	chr6	32200001	32440000	6p	p21.32		BTNL2	6	NOTCH4,TSBP1-AS1,TSBP1,RNU6-603P,BTNL2,HLA-DRA	nonCoding,coding	protein_coding,lncRNA,snRNA	N
chr6:36150001-36450000	chr6	36150001	36450000	6p	p21.31			8	BRPF3-AS1,BRPF3,PNPLA1,BNIP5,ETV7,ETV7-AS1,PXT1,KCTD20	nonCoding,coding	lncRNA,protein_coding	N
chr6:53460001-53690000	chr6	53460001	53690000	6p	p12.1			4	GCLC,GCLC-AS1,LINC01564,KLHL31	coding,nonCoding	protein_coding,lncRNA	N
chr6:55740001-56060000	chr6	55740001	56060000	6p	p12.1			2	BMP5,COL21A1	coding,nonCoding	protein_coding	N
chr6:66190001-66320000	chr6	66190001	66320000	6q	q12			1				
chr6:79930001-80050000	chr6	79930001	80050000	6q	q14.1			2	ELOVL4,TTK	coding,nonCoding	protein_coding	N
chr6:83040001-83230000	chr6	83040001	83230000	6q	q14.1			5	UBE3D,DOP1A,PGM3,RWDD2A,ME1	coding,nonCoding	protein_coding	N
chr6:90290001-90500000	chr6	90290001	90500000	6q	q15	FRA6G	BACH2	2	BACH2,MIR4464	coding,nonCoding	protein_coding,miRNA	N
chr6:92300001-92410000	chr6	92300001	92410000	6q	q15	FRA6G		1				
chr7:107520001-107970000	chr7	107520001	107970000	7q	q22.3	FRA7F		11	DUS4L-BCAP29,BCAP29,COG5,DUS4L,CBLL1-AS1,CBLL1,SLC26A4-AS1,SLC26A4,LAMB1,SLC26A3,DLD	coding,nonCoding	protein_coding,lncRNA	N
chr7:116950001-117220000	chr7	116950001	117220000	7q	q31.2	FRA7G		5	ST7,ST7-AS1,ST7-AS2,ST7-OT4,MIR6132	coding,nonCoding	protein_coding,lncRNA,miRNA	N
chr7:120930001-121050000	chr7	120930001	121050000	7q	q31.31			2	ING3,CPED1	coding,nonCoding	protein_coding	N
chr7:131110001-131350000	chr7	131110001	131350000	7q	q32.3	FRA7H		3	MKLN1,MKLN1-AS,LINC-PINT	coding,nonCoding	protein_coding,lncRNA	N
chr7:148600001-148710000	chr7	148600001	148710000	7q	q36.1	FRA7I		2	C7orf33,CUL1	coding	protein_coding	N
chr7:14940001-15490000	chr7	14940001	15490000	7p	p21.2			2	DGKB,AGMO	coding,nonCoding	protein_coding	Y,N
chr7:33890001-34080000	chr7	33890001	34080000	7p	p14.3			1	BMPER	coding,nonCoding	protein_coding	N
chr7:36300001-36400000	chr7	36300001	36400000	7p	p14.2	FRA7C		3	EEPD1,MATCAP2,ANLN	coding,nonCoding	protein_coding	N
chr7:36670001-37030000	chr7	36670001	37030000	7p	p14.2	FRA7C	ELMO1	4	AOAH,ELMO1,MIR1200,ELMO1-AS1	coding,nonCoding	protein_coding,miRNA,lncRNA	N,Y
chr7:4190001-4510000	chr7	4190001	4510000	7p	p22.2	FRA7B		1	SDK1	coding,nonCoding	protein_coding	Y
chr7:50050001-50210000	chr7	50050001	50210000	7p	p12.2			2	SPATA48,ZPBP	coding	protein_coding	N
chr7:52010001-52040000	chr7	52010001	52040000	7p	p12.1			1				
chr7:68130001-68470000	chr7	68130001	68470000	7q	q11.22	FRA7J		1				
chr7:87090001-87160000	chr7	87090001	87160000	7q	q21.12		DMTF1	2	DMTF1-AS1,DMTF1	nonCoding,coding	lncRNA,protein_coding	N
chr7:8950001-9020000	chr7	8950001	9020000	7p	p21.3			1				
chr8:100280001-100350000	chr8	100280001	100350000	8q	q22.2			1	RNF19A	coding,nonCoding	protein_coding	N
chr8:100950001-101340000	chr8	100950001	101340000	8q	q22.3	FRA8A	YWHAZ	9	FLJ42969,LINC03044,RN7SKP249,RN7SL685P,ZNF706,LINC02844,RNU7-67P,ZNNT1,YWHAZ	nonCoding,coding	lncRNA,misc_RNA,protein_coding,snRNA	N
chr8:121290001-121460000	chr8	121290001	121460000	8q	q24.12	FRA8C, FRA8E		1				
chr8:132580001-133420000	chr8	132580001	133420000	8q	q24.22		TG, SLA	9	PHF20L1,TG,DNAAF11,TMEM71,PTCSC1,CCN4,NDRG1,SLA,MIR7848	coding,nonCoding	protein_coding,lncRNA,miRNA	N
chr8:137630001-137810000	chr8	137630001	137810000	8q	q24.23			1				
chr8:15190001-15690000	chr8	15190001	15690000	8p	p22			2	SGCZ,TUSC3	coding,nonCoding	protein_coding	Y,N
chr8:27710001-27860000	chr8	27710001	27860000	8p	p21.1			4	RNU6-1276P,ESCO2,PBK,CCDC25	nonCoding,coding	snRNA,protein_coding	N
chr8:29460001-29830000	chr8	29460001	29830000	8p	p12			3	LINC02099,LINC00589,LINC02948	nonCoding	lncRNA	N
chr8:3720001-4350000	chr8	3720001	4350000	8p	p23.2			1	CSMD1	coding,nonCoding	protein_coding	Y
chr8:38710001-38920000	chr8	38710001	38920000	8p	p11.22		PLEKHA2	2	TACC1,PLEKHA2	coding,nonCoding	protein_coding	N
chr8:58380001-58910000	chr8	58380001	58910000	8q	q12.1			6	RNU4-50P,CYP7A1,SDCBP,TOX,UBXN2B,NSMAF	nonCoding,coding	snRNA,protein_coding	N
chr8:58970001-59300000	chr8	58970001	59300000	8q	q12.1			2	TOX-DT,TOX	nonCoding,coding	lncRNA,protein_coding	N
chr8:94030001-94650000	chr8	94030001	94650000	8q	q22.1	FRA8B	CDH17	8	CDH17,FSBP,VIRMA,GEM,RAD54B,LINC02894,ESRP1,VIRMA-DT	coding,nonCoding	protein_coding,lncRNA	N
chr8:94910001-95250000	chr8	94910001	95250000	8q	q22.1	FRA8B	PLEKHF2	10	MIR3150A,MIR3150BHG,MIR3150B,CFAP418,PLEKHF2,CFAP418-AS1,LINC01298,NDUFAF6,TP53INP1,RNU6-1209P	nonCoding,coding	miRNA,lncRNA,protein_coding,snRNA	N,Y
chr9:101620001-102610000	chr9	101620001	102610000	9q	q31.1			3	RNU6-329P,LINC00587,GRIN3A	nonCoding,coding	snRNA,lncRNA,protein_coding	N
chr9:102950001-103570000	chr9	102950001	103570000	9q	q31.1			2	CYLC2,LINC01492	coding,nonCoding	protein_coding,lncRNA	N
chr9:107190001-107310000	chr9	107190001	107310000	9q	q31.2			1	RAD23B	coding	protein_coding	N
chr9:117650001-118130000	chr9	117650001	118130000	9q	q33.1			2	TLR4,RNU6-1082P	coding,nonCoding	protein_coding,snRNA	N
chr9:118330001-118470000	chr9	118330001	118470000	9q	q33.1			1				
chr9:120950001-121100000	chr9	120950001	121100000	9q	q33.2			2	CNTRL,C5	coding,nonCoding	protein_coding	N
chr9:21320001-21590000	chr9	21320001	21590000	9p	p21.3	FRA9C, FRA9A		9	IFNA6,IFNA13,KLHL9,MIR31HG,IFNA2,IFNA8,IFNA1,IFNE,MIR31	coding,nonCoding	protein_coding,lncRNA,miRNA	N
chr9:22510001-22670000	chr9	22510001	22670000	9p	p21.3	FRA9C, FRA9A		1	LINC01239	nonCoding	lncRNA	N
chr9:30330001-30540000	chr9	30330001	30540000	9p	p21.1	FRA9C, FRA9A		1	LINC01242	nonCoding	lncRNA	N
chr9:34170001-34590000	chr9	34170001	34590000	9p	p13.3			12	RNU2-50P,NUDT2,MYORG,C9orf24,UBAP1,KIF24,DNAI1,RN7SKP24,ENHO,FAM219A,CNTFR-AS1,CNTFR	nonCoding,coding	snRNA,protein_coding,misc_RNA,lncRNA	N
chr9:71360001-72090000	chr9	71360001	72090000	9q	q21.13			5	TRPM3,CEMIP2,C9orf57,ABHD17B,C9orf85	coding,nonCoding	protein_coding	Y,N
chr9:92250001-92510000	chr9	92250001	92510000	9q	q22.31			9	IARS1,MIR3651,NOL8,CENPP,OGN,SNORA84,ASPN,ECM2,OMD	coding,nonCoding	protein_coding,miRNA,snoRNA	N
chr9:99790001-100150000	chr9	99790001	100150000	9q	q22.33		NR4A3	6	RN7SL75P,ERP44,INVS,STX17-DT,NR4A3,STX17	nonCoding,coding	misc_RNA,protein_coding,lncRNA	N,Y
