region	chr	start	end	arm	cyto	CFS	ERFS	overlappedGeneNumDensity	genename	transcriptClass	geneType	largeGene
chr1:100040001-100180000	chr1	100040001	100180000	1p	p21.2	FRA1B, FRA1D, FRA1L, FRA1C, FRA1E, FRA1M		4	SASS6,TRMT13,LRRC39,MFSD14A	coding,nonCoding	protein_coding	N
chr1:100970001-101630000	chr1	100970001	101630000	1p	p21.2	FRA1B, FRA1D, FRA1L, FRA1C, FRA1E, FRA1M	S1PR1	6	SLC30A7,DPH5-DT,S1PR1-DT,S1PR1,DPH5,LINC01307	coding,nonCoding	protein_coding,lncRNA	N
chr1:107710001-107940000	chr1	107710001	107940000	1p	p13.3			2	VAV3,MIR7852	coding,nonCoding	protein_coding,miRNA	N
chr1:108570001-108720000	chr1	108570001	108720000	1p	p13.3			4	EEIG2,FNDC7,PRPF38B,HENMT1	coding,nonCoding	protein_coding	N
chr1:109420001-109470000	chr1	109420001	109470000	1p	p13.3			2	SYPL2,PSMA5	coding	protein_coding	N
chr1:110660001-111140000	chr1	110660001	111140000	1p	p13.3		KCNA3	5	KCNA3,DRAM2,CEPT1,CD53,LRIF1	coding	protein_coding	N
chr1:113640001-113900000	chr1	113640001	113900000	1p	p13.2		MAGI3	7	RSBN1,PTPN22,MAGI3,PHTF1,AP4B1,AP4B1-AS1,BCL2L15	coding,nonCoding	protein_coding,lncRNA	N
chr1:114380001-114720000	chr1	114380001	114720000	1p	p13.2			7	TRIM33,BCAS2,RN7SL432P,NRAS,DENND2C,AMPD1,CSDE1	coding,nonCoding	protein_coding,misc_RNA	N
chr1:14710001-15060000	chr1	14710001	15060000	1p	p36.21	FRA1A		1	KAZN	coding,nonCoding	protein_coding	Y
chr1:167010001-167390000	chr1	167010001	167390000	1q	q24.1		POU2F1	6	GPA33,STYXL2,POU2F1-DT,POU2F1,MAEL,LINC01363	coding,nonCoding	protein_coding,lncRNA	N
chr1:17570001-18330000	chr1	17570001	18330000	1p	p36.13	FRA1A		6	LINC02810,ACTL8,ARHGEF10L,IGSF21-AS1,IGSF21,LINC01654	nonCoding,coding	lncRNA,protein_coding	N
chr1:192950001-193410000	chr1	192950001	193410000	1q	q31.2	FRA1K		8	SCARNA18B,UCHL5,MIR1278,RO60,CDC73,GLRX2,LINC01031,B3GALT2	nonCoding,coding	snoRNA,protein_coding,miRNA,lncRNA	N
chr1:198830001-199160000	chr1	198830001	199160000	1q	q32.1			6	MIR181A1HG,MIR181B1,LINC01221,LINC02789,LINC01222,MIR181A1	nonCoding	lncRNA,miRNA	N
chr1:207210001-207460000	chr1	207210001	207460000	1q	q32.2		CD55	3	CR2,LINC02942,CD55	coding,nonCoding	protein_coding,lncRNA	N
chr1:239880001-240590000	chr1	239880001	240590000	1q	q43			4	CHRM3,GREM2,CHRM3-AS1,FMN2	coding,nonCoding	protein_coding,lncRNA	Y,N
chr1:240650001-241320000	chr1	240650001	241320000	1q	q43			3	RGS7,RNU5F-8P,MIR3123	coding,nonCoding	protein_coding,snRNA,miRNA	Y,N
chr1:2800001-3340000	chr1	2800001	3340000	1p	p36.32	FRA1A		5	ACTRT2,PRDM16-DT,TTC34,PRDM16,MIR4251	coding,nonCoding	protein_coding,lncRNA,miRNA	N
chr1:36730001-36900000	chr1	36730001	36900000	1p	p34.3			1	GRIK3	coding	protein_coding	N
chr1:4120001-4180000	chr1	4120001	4180000	1p	p36.32	FRA1A		1				
chr1:4240001-4780000	chr1	4240001	4780000	1p	p36.32	FRA1A		3	LINC01646,LINC01777,AJAP1	nonCoding,coding	lncRNA,protein_coding	N
chr1:51670001-51930000	chr1	51670001	51930000	1p	p32.3	FRA1B, FRA1D, FRA1L, FRA1C, FRA1E, FRA1M	OSBPL9	4	OSBPL9,MIR761,RAB3B,NRDC	coding,nonCoding	protein_coding,miRNA	N
chr1:67990001-68350000	chr1	67990001	68350000	1p	p31.3	FRA1B, FRA1D, FRA1L, FRA1C, FRA1E, FRA1M		4	GNG12-AS1,WLS,MIR1262,DIRAS3	nonCoding,coding	lncRNA,protein_coding,miRNA	N
chr1:77240001-78130000	chr1	77240001	78130000	1p	p31.1	FRA1B, FRA1D, FRA1L, FRA1C, FRA1E, FRA1M		12	AK5,RNU7-8P,ZZZ3,RN7SL370P,USP33,MIGA1,NEXN-AS1,NEXN,FUBP1,DNAJB4,GIPC2,RNU6-1102P	coding,nonCoding	protein_coding,snRNA,misc_RNA,lncRNA	N
chr1:84060001-84260000	chr1	84060001	84260000	1p	p31.1	FRA1B, FRA1D, FRA1L, FRA1C, FRA1E, FRA1M		2	PRKACB-DT,PRKACB	nonCoding,coding	lncRNA,protein_coding	N
chr1:84550001-84810000	chr1	84550001	84810000	1p	p22.3	FRA1B, FRA1D, FRA1L, FRA1C, FRA1E, FRA1M		4	SPATA1,CTBS,LINC01555,SSX2IP	coding,nonCoding	protein_coding,lncRNA	N
chr1:88620001-88790000	chr1	88620001	88790000	1p	p22.2	FRA1B, FRA1D, FRA1L, FRA1C, FRA1E, FRA1M		2	PKN2-AS1,PKN2	nonCoding,coding	lncRNA,protein_coding	Y,N
chr1:89220001-89460000	chr1	89220001	89460000	1p	p22.2	FRA1B, FRA1D, FRA1L, FRA1C, FRA1E, FRA1M	GBP6	3	GBP5,GBP6,GBP1P1	coding,nonCoding	protein_coding,lncRNA	N
chr1:89680001-89910000	chr1	89680001	89910000	1p	p22.2	FRA1B, FRA1D, FRA1L, FRA1C, FRA1E, FRA1M	LRRC8C	3	LRRC8C,LRRC8D-DT,LRRC8D	coding,nonCoding	protein_coding,lncRNA	N
chr1:92870001-93400000	chr1	92870001	93400000	1p	p22.1	FRA1B, FRA1D, FRA1L, FRA1C, FRA1E, FRA1M	FAM69A, RPL5	10	DIPK1A,RN7SL692P,RNU6-210P,RN7SKP123,MTF2,TMED5,CCDC18,CCDC18-AS1,DR1,RNU6-970P	coding,nonCoding	protein_coding,misc_RNA,snRNA,lncRNA	N
chr1:96700001-96780000	chr1	96700001	96780000	1p	p21.3	FRA1B, FRA1D, FRA1L, FRA1C, FRA1E, FRA1M		1	PTBP2	coding,nonCoding	protein_coding	N
chr1:97820001-98050000	chr1	97820001	98050000	1p	p21.3	FRA1B, FRA1D, FRA1L, FRA1C, FRA1E, FRA1M		4	MIR137HG,MIR2682,MIR137,DPYD	nonCoding,coding	lncRNA,miRNA,protein_coding	N,Y
chr10:104090001-104250000	chr10	104090001	104250000	10q	q25.1			4	MIR609,GSTO1,SFR1,CFAP43	nonCoding,coding	miRNA,protein_coding	N
chr10:113810001-113970000	chr10	113810001	113970000	10q	q25.3			2	DCLRE1A,NHLRC2	coding,nonCoding	protein_coding	N
chr10:114780001-114970000	chr10	114780001	114970000	10q	q25.3			3	TRUB1,RNU6-1121P,FHIP2A	coding,nonCoding	protein_coding,snRNA	N
chr10:130550001-130790000	chr10	130550001	130790000	10q	q26.3			1				
chr10:16850001-17310000	chr10	16850001	17310000	10p	p13			4	TRDMT1,VIM-AS1,VIM,CUBN	coding,nonCoding	protein_coding,lncRNA	N
chr10:22170001-22240000	chr10	22170001	22240000	10p	p12.31			1	EBLN1	coding	protein_coding	N
chr10:22510001-22610000	chr10	22510001	22610000	10p	p12.2		PIP4K2A	1	PIP4K2A	coding	protein_coding	N
chr10:2310001-3230000	chr10	2310001	3230000	10p	p15.3		PFKP	6	LINC00701,LINC02645,PFKP,PITRM1,PITRM1-AS1,PFKP-DT	nonCoding,coding	lncRNA,protein_coding	N
chr10:27480001-27510000	chr10	27480001	27510000	10p	p12.1			1	RAB18	coding,nonCoding	protein_coding	N
chr10:3830001-4780000	chr10	3830001	4780000	10p	p15.1			8	LINC02660,MIR6078,LINC00702,RNU6-163P,MANCR,LINC00705,LINC00703,LINC02639	nonCoding	lncRNA,miRNA,snRNA	N
chr10:62090001-62330000	chr10	62090001	62330000	10q	q21.2	FRA10C, FRA10D, FRA10G	ARID5B	3	ARID5B,RTKN2,LINC02621	coding,nonCoding	protein_coding,lncRNA	N
chr10:87550001-88350000	chr10	87550001	88350000	10q	q23.2	FRA10A	ATAD1	8	KLLN,PTEN,RNLS,CFL1P1,MINPP1,PAPSS2,ATAD1,RN7SL78P	coding,nonCoding	protein_coding,lncRNA,misc_RNA	N
chr10:88840001-89300000	chr10	88840001	89300000	10q	q23.31	FRA10A		10	ANKRD22,STAMBPL1,ACTA2-AS1,ACTA2,FAS,MIR4679-2,MIR4679-1,CH25H,LIPA,IFIT2	coding,nonCoding	protein_coding,lncRNA,miRNA	N
chr10:89560001-89780000	chr10	89560001	89780000	10q	q23.31	FRA10A		4	MIR107,PANK1-AS1,KIF20B,PANK1	nonCoding,coding	miRNA,lncRNA,protein_coding	N
chr11:103070001-103160000	chr11	103070001	103160000	11q	q22.3			2	DYNC2H1,DCUN1D5	coding,nonCoding	protein_coding	N
chr11:116880001-116960000	chr11	116880001	116960000	11q	q23.3	FRA11G, FRA11B		1	SIK3	coding,nonCoding	protein_coding	N
chr11:11890001-11970000	chr11	11890001	11970000	11p	p15.3			2	USP47,DKK3	coding,nonCoding	protein_coding	N
chr11:128170001-128390000	chr11	128170001	128390000	11q	q24.3			2	LINC02725,LINC02098	nonCoding	lncRNA	N
chr11:132900001-133120000	chr11	132900001	133120000	11q	q25			1	OPCML	coding	protein_coding	Y
chr11:21130001-21220000	chr11	21130001	21220000	11p	p15.1	FRA11C, FRA11I		1	NELL1	coding,nonCoding	protein_coding	Y
chr11:34080001-34150000	chr11	34080001	34150000	11p	p13	FRA11E	CAPRIN1	2	NAT10,CAPRIN1	coding	protein_coding	N
chr11:70500001-70700000	chr11	70500001	70700000	11q	q13.4	FRA11H, FRA11A		3	SHANK2,SHANK2-AS1,SHANK2-AS2	coding,nonCoding	protein_coding,lncRNA	Y,N
chr11:85610001-86010000	chr11	85610001	86010000	11q	q14.1	FRA11F	PICALM	8	TMEM126B,TMEM126A,CREBZF,SYTL2,CCDC83,PICALM,CCDC89,DLG2	coding,nonCoding	protein_coding	N,Y
chr12:103910001-104140000	chr12	103910001	104140000	12q	q23.3			7	TDG,GLT8D2,HCFC2,NFYB,UQCC6,HSP90B1,MIR3652	coding,nonCoding	protein_coding,miRNA	N
chr12:104740001-105000000	chr12	104740001	105000000	12q	q23.3			3	SLC41A2,CHST11,NOPCHAP1	coding	protein_coding	N
chr12:31690001-32210000	chr12	31690001	32210000	12p	p11.21			7	RESF1,RNU6-1069P,LINC02422,BICD1,AMN1,H3-5,BICD1-AS1	coding,nonCoding	protein_coding,snRNA,lncRNA	N
chr12:43700001-43860000	chr12	43700001	43860000	12q	q12			4	PUS7L,IRAK4,TWF1,TMEM117	coding,nonCoding	protein_coding	N,Y
chr12:45830001-46090000	chr12	45830001	46090000	12q	q12	FRA12A		3	ARID2,RN7SL246P,SCAF11	coding,nonCoding	protein_coding,misc_RNA	N
chr12:59480001-59730000	chr12	59480001	59730000	12q	q14.1			3	SLC16A7,RNU4-20P,LINC02448	coding,nonCoding	protein_coding,snRNA,lncRNA	N
chr12:62380001-62600000	chr12	62380001	62600000	12q	q14.1			3	USP15,MON2,RNU6-399P	coding,nonCoding	protein_coding,snRNA	N
chr12:64410001-64490000	chr12	64410001	64490000	12q	q14.2			2	TBK1,XPOT	nonCoding,coding	protein_coding	N
chr12:71670001-71970000	chr12	71670001	71970000	12q	q21.1			5	THAP2,TMEM19,TBC1D15,TPH2,RAB21	coding,nonCoding	protein_coding	N
chr12:75270001-76260000	chr12	75270001	76260000	12q	q21.1			14	GLIPR1L2,GLIPR1L1,PHLDA1,GLIPR1,PHLDA1-DT,NAP1L1,RNU6-1271P,PHLDA1-AS1,CAPS2-AS1,CAPS2,KRR1,RN7SL734P,GLIPR1-AS1,LNCOG	coding,nonCoding	protein_coding,lncRNA,snRNA,misc_RNA	N
chr12:91850001-91980000	chr12	91850001	91980000	12q	q21.33	FRA12B		1	LINC02404	nonCoding	lncRNA	N
chr12:92400001-92650000	chr12	92400001	92650000	12q	q22			3	LINC02397,CLLU1,CLLU1-AS1	nonCoding	lncRNA	N
chr12:9770001-9940000	chr12	9770001	9940000	12p	p13.31			5	KLRF1,CLEC2A,LINC02470,CLEC2B,KLRF2	coding,nonCoding	protein_coding,lncRNA	N
chr13:102610001-102920000	chr13	102610001	102920000	13q	q33.1			9	BIVM-ERCC5,BIVM,ERCC5,METTL21EP,TEX30,TPP2,METTL21C,CCDC168,POGLUT2	coding,nonCoding	protein_coding	N
chr13:110080001-110600000	chr13	110080001	110600000	13q	q34			9	LINC03082,LINC03032,COL4A1,COL4A2,RN7SL783P,MIR8073,COL4A2-AS2,COL4A2-AS1,RAB20	nonCoding,coding	lncRNA,TEC,protein_coding,misc_RNA,miRNA	N
chr13:41820001-41990000	chr13	41820001	41990000	13q	q14.11			3	VWA8,RNU6-74P,VWA8-AS1	coding,nonCoding	protein_coding,snRNA,lncRNA	N
chr13:42150001-42410000	chr13	42150001	42410000	13q	q14.11			3	DGKH,AKAP11,LINC02341	coding,nonCoding	protein_coding,lncRNA	N
chr13:46240001-46400000	chr13	46240001	46400000	13q	q14.13		LRRC63	5	LRRC63,RN7SKP5,LINC00563,RUBCNL,RNU2-6P	coding,nonCoding	protein_coding,misc_RNA,lncRNA,snRNA	N
chr13:48500001-48980000	chr13	48500001	48980000	13q	q14.2		RCBTB2	6	LINC01077,RB1,LINC00462,CYSLTR2,FNDC3A,RCBTB2	nonCoding,coding	lncRNA,protein_coding	N
chr13:50000001-50100000	chr13	50000001	50100000	13q	q14.2			6	DLEU2,KCNRG,MIR16-1,MIR15A,TRIM13,DLEU1	nonCoding,coding	lncRNA,protein_coding,miRNA	N,Y
chr13:73770001-74590000	chr13	73770001	74590000	13q	q22.1			5	KLF12,LINC00402,RNY1P5,LINC00347,LINC00381	coding,nonCoding	protein_coding,lncRNA,misc_RNA	N
chr13:77380001-77620000	chr13	77380001	77620000	13q	q22.3		SCEL	2	SCEL,SCEL-AS1	coding,nonCoding	protein_coding,lncRNA	N
chr13:79340001-79590000	chr13	79340001	79590000	13q	q31.1			5	RBM26,NDFIP2-AS1,NDFIP2,LINC01068,RBM26-AS1	coding,nonCoding	protein_coding,lncRNA	N
chr14:30510001-30650000	chr14	30510001	30650000	14q	q12			3	G2E3-AS1,G2E3,SCFD1	nonCoding,coding	lncRNA,protein_coding	N
chr14:34740001-35080000	chr14	34740001	35080000	14q	q13.1		BAZ1A	5	BAZ1A,RNU7-41P,BAZ1A-AS1,SRP54,FAM177A1	coding,nonCoding	protein_coding,snRNA,lncRNA	N
chr14:50390001-50820000	chr14	50390001	50820000	14q	q21.3			6	CDKL1,MAP4K5,ATL1,SAV1,RN7SL452P,NIN	coding,nonCoding	protein_coding,misc_RNA	N
chr14:51870001-52240000	chr14	51870001	52240000	14q	q22.1		GNG2	4	GNG2,RTRAF,NID2,LINC02319	coding,nonCoding	protein_coding,lncRNA	N
chr14:52970001-53190000	chr14	52970001	53190000	14q	q22.1			2	DDHD1,DDHD1-DT	coding,nonCoding	protein_coding,lncRNA	N
chr14:58090001-58630000	chr14	58090001	58630000	14q	q23.1	FRA14B, FRA14C		12	ARMH4,RN7SL598P,ACTR10,PSMA3,PSMA3-AS1,LINC00216,RNU6-341P,ARID4A,TOMM20L-DT,TOMM20L,TIMM9,KIAA0586	coding,nonCoding	protein_coding,misc_RNA,lncRNA,snRNA	N
chr14:60050001-60210000	chr14	60050001	60210000	14q	q23.1	FRA14B, FRA14C		4	LRRC9,PCNX4-DT,PCNX4,DHRS7	coding,nonCoding	protein_coding,lncRNA	N
chr14:67930001-68510000	chr14	67930001	68510000	14q	q24.1	FRA14B, FRA14C		3	RAD51B,RN7SL706P,RN7SL108P	coding,nonCoding	protein_coding,misc_RNA	Y,N
chr14:70950001-71110000	chr14	70950001	71110000	14q	q24.2			1	PCNX1	nonCoding,coding	protein_coding	N
chr15:25140001-25240000	chr15	25140001	25240000	15q	q11.2			39	SNHG14,SNORD115-1,SNORD115-2,SNORD115-3,SNORD115-4,SNORD115-5,SNORD115-6,SNORD115-7,SNORD115-8,SNORD115-9,SNORD115-10,SNORD115-11,SNORD115-12,SNORD115-13,SNORD115-14,SNORD115-15,SNORD115-16,SNORD115-17,SNORD115-18,SNORD115-19,SNORD115-20,SNORD115-21,SNORD115-22,SNORD115-23,SNORD115-24,SNORD115-25,SNORD115-26,SNORD115-27,SNORD115-28,SNORD115-29,SNORD115-30,SNORD115-31,SNORD115-32,SNORD115-33,SNORD115-34,SNORD115-35,SNORD115-36,SNORD115-37,SNORD115-38	nonCoding	lncRNA,snoRNA	N
chr15:26330001-26460000	chr15	26330001	26460000	15q	q12			1	LINC02248	nonCoding	lncRNA	N
chr15:27470001-27970000	chr15	27470001	27970000	15q	q12			2	GABRG3,OCA2	coding,nonCoding	protein_coding	Y,N
chr15:52560001-52730000	chr15	52560001	52730000	15q	q21.2		ARPP19	2	ARPP19,ATOSA	coding,nonCoding	protein_coding	N
chr15:55170001-55250000	chr15	55170001	55250000	15q	q21.3			2	RSL24D1,RAB27A	coding,nonCoding	protein_coding	N
chr15:56630001-56780000	chr15	56630001	56780000	15q	q21.3			1	ZNF280D	coding,nonCoding	protein_coding	N
chr15:87860001-88300000	chr15	87860001	88300000	15q	q25.3			2	NTRK3,NTRK3-AS1	coding,nonCoding	protein_coding,lncRNA	N
chr15:90410001-90450000	chr15	90410001	90450000	15q	q26.1		IQGAP1	1	IQGAP1	coding,nonCoding	protein_coding	N
chr16:19850001-20390000	chr16	19850001	20390000	16p	p12.3			6	GPR139,GP2,IQCK,GPRC5B,UMOD,PDILT	coding,nonCoding	protein_coding	N
chr16:49510001-49850000	chr16	49510001	49850000	16q	q12.1			1	ZNF423	coding	protein_coding	N
chr16:5900001-6010000	chr16	5900001	6010000	16p	p13.3			1	RBFOX1	coding,nonCoding	protein_coding	Y
chr16:6160001-6730000	chr16	6160001	6730000	16p	p13.3			1	RBFOX1	coding,nonCoding	protein_coding	Y
chr17:11360001-11850000	chr17	11360001	11850000	17p	p12	FRA17A		2	SHISA6,DNAH9	coding,nonCoding	protein_coding	N
chr17:40630001-40950000	chr17	40630001	40950000	17q	q21.2			12	SMARCE1,KRT222,KRT24,KRT25,KRT26,KRT27,KRT28,KRT10,KRT10-AS1,KRT12,KRT20,KRT23	coding,nonCoding	protein_coding,lncRNA	N
chr17:48260001-48370000	chr17	48260001	48370000	17q	q21.32			2	SKAP1,SKAP1-AS2	coding,nonCoding	protein_coding,lncRNA	N
chr18:10050001-10360000	chr18	10050001	10360000	18p	p11.22			1				
chr18:12790001-13210000	chr18	12790001	13210000	18p	p11.21			4	PTPN2,SEH1L,CEP192-DT,CEP192	nonCoding,coding	protein_coding,lncRNA	N
chr18:23650001-23930000	chr18	23650001	23930000	18q	q11.2			2	ANKRD29,LAMA3	coding,nonCoding	protein_coding	N
chr18:34950001-35520000	chr18	34950001	35520000	18q	q12.1	FRA18A	MAPRE2	7	MAPRE2,ZNF397,ZSCAN30,ZNF24,ZNF396,ZNF24TR,INO80C	coding,nonCoding	protein_coding,lncRNA	N
chr18:37130001-37490000	chr18	37130001	37490000	18q	q12.2	FRA18A		2	KIAA1328,CELF4	coding,nonCoding	protein_coding	N
chr18:62090001-62290000	chr18	62090001	62290000	18q	q21.33	FRA18B		2	PIGN,RELCH	coding,nonCoding	protein_coding	N
chr18:78280001-78540000	chr18	78280001	78540000	18q	q23			1				
chr2:101670001-101700000	chr2	101670001	101700000	2q	q11.2	FRA2A	MAP4K4	1	MAP4K4	coding,nonCoding	protein_coding	N
chr2:119000001-119200000	chr2	119000001	119200000	2q	q14.2			2	RN7SL468P,C1QL2	nonCoding,coding	misc_RNA,protein_coding	N
chr2:144210001-144320000	chr2	144210001	144320000	2q	q22.3	FRA2K		1	GTDC1	coding,nonCoding	protein_coding	N
chr2:159840001-159980000	chr2	159840001	159980000	2q	q24.2			3	PLA2R1,LY75-CD302,LY75	coding,nonCoding	protein_coding	N
chr2:160980001-161220000	chr2	160980001	161220000	2q	q24.2		TANK	2	TANK-AS1,TANK	nonCoding,coding	lncRNA,protein_coding	N
chr2:167940001-168620000	chr2	167940001	168620000	2q	q24.3			6	CERS6,MIR4774,B3GALT1-AS1,STK39,RN7SL813P,RNU6-766P	coding,nonCoding	protein_coding,miRNA,lncRNA,misc_RNA,snRNA	N
chr2:170990001-171140000	chr2	170990001	171140000	2q	q31.1	FRA2G, FRA2H	TLK1	1	TLK1	coding,nonCoding	protein_coding	N
chr2:174840001-175240000	chr2	174840001	175240000	2q	q31.1	FRA2G, FRA2H		6	RNU6-763P,CHN1,ATP5MC3,RNU6-1290P,ATF2,MIR933	nonCoding,coding	snRNA,protein_coding,miRNA	N
chr2:177270001-177590000	chr2	177270001	177590000	2q	q31.2	FRA2G, FRA2H		4	TTC30B,NFE2L2,MIR6512,AGPS	coding,nonCoding	protein_coding,miRNA	N
chr2:181170001-181290000	chr2	181170001	181290000	2q	q31.3	FRA2G, FRA2H		1	LINC01934	nonCoding	lncRNA	N
chr2:200360001-200590000	chr2	200360001	200590000	2q	q33.1	FRA2I		5	SGO2,SPATS2L,RNY4P34,KCTD18,AOX1	coding,nonCoding	protein_coding,misc_RNA	N
chr2:213090001-213160000	chr2	213090001	213160000	2q	q34			2	IKZF2,LINC01953	coding,nonCoding	protein_coding,lncRNA	N
chr2:231040001-231160000	chr2	231040001	231160000	2q	q37.1		PSMD1, HTR2B	4	C2orf72,PSMD1,HTR2B,RNU1-93P	coding,nonCoding	protein_coding,snRNA	N
chr2:23750001-23900000	chr2	23750001	23900000	2p	p24.1			1	ATAD2B	coding,nonCoding	protein_coding	N
chr2:27650001-28100000	chr2	27650001	28100000	2p	p23.3			8	SLC4A1AP,LINC01460,GPN1,SUPT7L,BABAM2,MIR4263,MRPL33,RBKS	coding,nonCoding	protein_coding,lncRNA,miRNA	N
chr2:37410001-37710000	chr2	37410001	37710000	2p	p22.2			4	CDC42EP3,RNU6-1116P,LINC03063,CDC42EP3-AS1	coding,nonCoding	protein_coding,snRNA,lncRNA	N
chr2:48090001-48340000	chr2	48090001	48340000	2p	p16.3			2	RN7SKP224,FOXN2	nonCoding,coding	misc_RNA,protein_coding	N
chr2:60890001-60990000	chr2	60890001	60990000	2p	p16.1		REL	3	RNU4-51P,PUS10,REL	nonCoding,coding	snRNA,protein_coding	N
chr2:69700001-69880000	chr2	69700001	69880000	2p	p13.3	FRA2E		3	GMCL1,ANXA4,SMANTIS	coding,nonCoding	protein_coding,lncRNA	N
chr2:86330001-86640000	chr2	86330001	86640000	2p	p11.2			7	RNF103,CHMP3-AS1,REEP1,KDM3A,CHMP3,RNF103-CHMP3,RNU6-640P	coding,nonCoding	protein_coding,lncRNA,snRNA	N
chr20:34390001-34510000	chr20	34390001	34510000	20q	q11.22			4	ITCH,ITCH-AS1,ITCH-IT1,MIR644A	coding,nonCoding	protein_coding,lncRNA,miRNA	N
chr20:56710001-57000000	chr20	56710001	57000000	20q	q13.31			1	RNU6-929P	nonCoding	snRNA	N
chr20:61240001-61740000	chr20	61240001	61740000	20q	q13.33			1	CDH4	coding	protein_coding	Y
chr21:14380001-14570000	chr21	14380001	14570000	21q	q11.2		SAMSN1, SIK1	2	HSPA13,SAMSN1	coding,nonCoding	protein_coding	N
chr21:15630001-15880000	chr21	15630001	15880000	21q	q21.1			1	USP25	coding,nonCoding	protein_coding	N
chr21:25440001-25690000	chr21	25440001	25690000	21q	q21.2		SIK1, MRPL39	4	MIR155HG,MIR155,MRPL39,JAM2	nonCoding,coding	lncRNA,miRNA,protein_coding	N
chr21:28570001-29540000	chr21	28570001	29540000	21q	q21.3			13	N6AMT1,LTN1,RWDD2B,USP16,CCT8,MAP3K7CL,LINC00189,BACH1,BACH1-IT1,BACH1-AS1,BACH1-IT2,BACH1-IT3,GRIK1	coding,nonCoding	protein_coding,lncRNA	N
chr22:26870001-27290000	chr22	26870001	27290000	22q	q12.1			3	LINC01422,RNU6-1066P,LINC01638	nonCoding	lncRNA,snRNA	N
chr22:27500001-27720000	chr22	27500001	27720000	22q	q12.1			1	CPMER	nonCoding	lncRNA	N
chr22:32670001-32870000	chr22	32670001	32870000	22q	q12.3			2	SYN3,TIMP3	coding,nonCoding	protein_coding	Y,N
chr22:33420001-33620000	chr22	33420001	33620000	22q	q12.3			2	LARGE1,MIR4764	coding,nonCoding	protein_coding,miRNA	Y,N
chr22:34050001-34210000	chr22	34050001	34210000	22q	q12.3			1	LINC01643	nonCoding	lncRNA	N
chr3:105620001-106420000	chr3	105620001	106420000	3q	q13.11		CBLB	1	CBLB	coding,nonCoding	protein_coding	N
chr3:111930001-112090000	chr3	111930001	112090000	3q	q13.2			5	PHLDB2,ABHD10,TAGLN3,C3orf52,TMPRSS7	coding,nonCoding	protein_coding	N
chr3:112270001-112640000	chr3	112270001	112640000	3q	q13.2		CD200	6	SLC9C1,CD200,BTLA,SLC35A5,CCDC80,ATG3	coding,nonCoding	protein_coding	N
chr3:149730001-150050000	chr3	149730001	150050000	3q	q25.1	FRA3D		8	WWTR1,PFN2-AS1,ANKUB1,RNU6-507P,RNF13,COMMD2,PFN2,RNU6-720P	coding,nonCoding	protein_coding,lncRNA,snRNA	N
chr3:156480001-156560000	chr3	156480001	156560000	3q	q25.31	FRA3D		2	SSR3,KCNAB1	coding,nonCoding	protein_coding	N,Y
chr3:156590001-157070000	chr3	156590001	157070000	3q	q25.31	FRA3D	TIPARP	5	TIPARP-AS1,LEKR1,RN7SKP177,TIPARP,LINC00886	nonCoding,coding	lncRNA,protein_coding,misc_RNA	N
chr3:15670001-15810000	chr3	15670001	15810000	3p	p25.1			4	MIR3134,RN7SL4P,BTD,ANKRD28	nonCoding,coding	miRNA,misc_RNA,protein_coding	N
chr3:160210001-160630000	chr3	160210001	160630000	3q	q25.33	FRA3D		10	TRIM59,RNU7-136P,SMC4,IL12A-AS1,C3orf80,IFT80,MIR15B,MIR16-2,KPNA4,SCARNA7	coding,nonCoding	protein_coding,snRNA,lncRNA,miRNA,scaRNA	N
chr3:16330001-16660000	chr3	16330001	16660000	3p	p24.3		RFTN1	4	OXNAD1,LINC00690,DAZL,RFTN1	coding,nonCoding	protein_coding,lncRNA	N
chr3:16740001-16900000	chr3	16740001	16900000	3p	p24.3		PLCL2	1	PLCL2	coding	protein_coding	N
chr3:171390001-171450000	chr3	171390001	171450000	3q	q26.31			1	TNIK	coding,nonCoding	protein_coding	N
chr3:182760001-182870000	chr3	182760001	182870000	3q	q26.33		ATP11B	2	ATP11B-DT,ATP11B	nonCoding,coding	lncRNA,protein_coding	N
chr3:187950001-188080000	chr3	187950001	188080000	3q	q27.3	FRA3C		1	LINC01991	nonCoding	lncRNA	N
chr3:45660001-46120000	chr3	45660001	46120000	3p	p21.31		LIMD1	10	SACM1L,LIMD1,LIMD1-AS1,RN7SL145P,FYCO1,SLC6A20,LZTFL1,CCR9,CXCR6,XCR1	coding,nonCoding	protein_coding,lncRNA,misc_RNA	N
chr3:7290001-7680000	chr3	7290001	7680000	3p	p26.1			2	GRM7-AS1,GRM7	nonCoding,coding	lncRNA,protein_coding	N,Y
chr4:105150001-105300000	chr4	105150001	105300000	4q	q24		TET2	3	RN7SL89P,TET2,TET2-AS1	nonCoding,coding	misc_RNA,protein_coding,lncRNA	N
chr4:113510001-113820000	chr4	113510001	113820000	4q	q26		CAMK2D	1	CAMK2D	coding,nonCoding	protein_coding	N
chr4:122170001-122360000	chr4	122170001	122360000	4q	q27			1	BLTP1	coding,nonCoding	protein_coding	N
chr4:13020001-13190000	chr4	13020001	13190000	4p	p15.33	FRA4D, FRA4A		1				
chr4:152030001-152630000	chr4	152030001	152630000	4q	q31.3		FBXW7	8	FBXW7,FBXW7-AS1,LINC02273,RN7SL446P,MIR4453,TMEM154,MIR3140,MIR4453HG	coding,nonCoding	protein_coding,lncRNA,misc_RNA,miRNA	N
chr4:188180001-188740000	chr4	188180001	188740000	4q	q35.2			2	RNU7-192P,LINC01060	nonCoding	snRNA,lncRNA	N
chr4:35940001-36320000	chr4	35940001	36320000	4p	p14		ARAP2	2	DTHD1,ARAP2	coding,nonCoding	protein_coding	N
chr4:38490001-38650000	chr4	38490001	38650000	4p	p14			4	LINC01258,KLF3-AS1,LINC01259,LINC02278	nonCoding	lncRNA	N
chr4:38770001-39430000	chr4	38770001	39430000	4p	p14		TLR1	13	TLR10,FAM114A1,MIR574,TLR1,TLR6,KLHL5,WDR19,RFC1,RNU6-32P,RNU6-887P,KLB,MIR5591,TMEM156	coding,nonCoding	protein_coding,miRNA,snRNA	N
chr4:56370001-56670000	chr4	56370001	56670000	4q	q12	FRA4B		7	AASDH,PAICS,SRP72,ARL9,PPAT,HOPX,THEGL	coding,nonCoding	protein_coding	N
chr4:67530001-67730000	chr4	67530001	67730000	4q	q13.2			4	STAP1,UBA6,UBA6-DT,CENPC	coding,nonCoding	protein_coding,lncRNA	N
chr4:70610001-71000000	chr4	70610001	71000000	4q	q13.3			10	UTP3,RNU6-520P,ENAM,JCHAIN,GRSF1,RNU6-891P,RNU6-784P,RUFY3,DCK,MOB1B	coding,nonCoding	protein_coding,snRNA	N
chr4:77680001-77790000	chr4	77680001	77790000	4q	q21.1		CNOT6L	1	CNOT6L	coding,nonCoding	protein_coding	N
chr4:80030001-80460000	chr4	80030001	80460000	4q	q21.21			5	ANTXR2,PRDM8-AS1,CFAP299,PRDM8,FGF5	coding,nonCoding	protein_coding,lncRNA	N,Y
chr4:80490001-80600000	chr4	80490001	80600000	4q	q21.21			1	CFAP299	coding	protein_coding	Y
chr4:88990001-89300000	chr4	88990001	89300000	4q	q22.1			4	RNU6-907P,GPRIN3,FAM13A,TIGD2	nonCoding,coding	snRNA,protein_coding	N
chr5:100640001-100980000	chr5	100640001	100980000	5q	q21.1	FRA5B, FRA5D, FRA5F	ST8SIA4	3	MIR548P,RN7SKP62,ST8SIA4	nonCoding,coding	miRNA,misc_RNA,protein_coding	N
chr5:102700001-103010000	chr5	102700001	103010000	5q	q21.1	FRA5B, FRA5D, FRA5F		1	PAM	coding,nonCoding	protein_coding	N
chr5:123430001-123670000	chr5	123430001	123670000	5q	q23.2			1	CSNK1G3	coding,nonCoding	protein_coding	N
chr5:131540001-131700000	chr5	131540001	131700000	5q	q31.1	FRA5C		2	FNIP1,RAPGEF6	coding,nonCoding	protein_coding	N
chr5:143200001-143620000	chr5	143200001	143620000	5q	q31.3		ARHGAP26	3	ARHGAP26,NR3C1,RNU7-156P	coding,nonCoding	protein_coding,snRNA	N
chr5:16840001-17010000	chr5	16840001	17010000	5p	p15.1		MYO10	2	MYO10,RNU6-660P	coding,nonCoding	protein_coding,snRNA	N
chr5:174250001-175080000	chr5	174250001	175080000	5q	q35.2	FRA5G		4	LINC01411,MSX2,MIR4634,LINC01951	nonCoding,coding	lncRNA,protein_coding,miRNA	N
chr5:40250001-40540000	chr5	40250001	40540000	5p	p13.1	FRA5A, FRA5E		3	LINC00604,RNU1-150P,TTC33	nonCoding,coding	lncRNA,snRNA,protein_coding	N
chr5:54830001-55040000	chr5	54830001	55040000	5q	q11.2			2	ESM1,GZMK	coding,nonCoding	protein_coding	N
chr5:65970001-66070000	chr5	65970001	66070000	5q	q12.3			1	ERBIN	coding,nonCoding	protein_coding	N
chr5:68260001-68360000	chr5	68260001	68360000	5q	q13.1			1	PIK3R1	nonCoding,coding	protein_coding	N
chr5:75330001-75540000	chr5	75330001	75540000	5q	q13.3		POLK	4	HMGCR,CERT1,POLK,RNU7-175P	coding,nonCoding	protein_coding,snRNA	N
chr5:79270001-79730000	chr5	79270001	79730000	5q	q14.1			4	JMY,HOMER1,CMYA5,TENT2	coding,nonCoding	protein_coding	N
chr5:86960001-87430000	chr5	86960001	87430000	5q	q14.3			9	RN7SKP34,MIR4280,LINC01949,MIR4280HG,RN7SL629P,RNU6-606P,CCNH,RASA1,RNU6-727P	nonCoding,coding	misc_RNA,miRNA,lncRNA,snRNA,protein_coding	N
chr5:94590001-94890000	chr5	94590001	94890000	5q	q15	FRA5B, FRA5D, FRA5F		3	KIAA0825,SLF1,MCTP1	coding,nonCoding	protein_coding	N,Y
chr5:95480001-96020000	chr5	95480001	96020000	5q	q15	FRA5B, FRA5D, FRA5F		10	RNU6-308P,ARSK,GPR150,RFESD,SPATA9,RHOBTB3,GLRX,LINC01554,ELL2,SKIC3	nonCoding,coding	snRNA,protein_coding,lncRNA	N
chr5:96560001-96880000	chr5	96560001	96880000	5q	q15	FRA5B, FRA5D, FRA5F		3	CAST,ERAP1,ERAP2	coding,nonCoding	protein_coding	N
chr6:105260001-105840000	chr6	105260001	105840000	6q	q21	FRA6F		2	PREP,LINC02836	coding,nonCoding	protein_coding,lncRNA	N
chr6:105950001-106050000	chr6	105950001	106050000	6q	q21	FRA6F		2	PRDM1,ATG5	coding,nonCoding	protein_coding	N
chr6:11890001-12220000	chr6	11890001	12220000	6p	p24.1		HIVEP1	1	HIVEP1	coding	protein_coding	N
chr6:127930001-128010000	chr6	127930001	128010000	6q	q22.33			1	PTPRK	coding,nonCoding	protein_coding	Y
chr6:129850001-130080000	chr6	129850001	130080000	6q	q22.33			2	L3MBTL3,TMEM244	coding,nonCoding	protein_coding	N
chr6:135190001-135900000	chr6	135190001	135900000	6q	q23.3		MYB	7	MYB,MYB-AS1,AHI1-DT,LINC02524,MIR548A2,AHI1,PDE7B	coding,nonCoding	protein_coding,lncRNA,miRNA	N
chr6:137180001-137310000	chr6	137180001	137310000	6q	q23.3			1	IFNGR1	coding,nonCoding	protein_coding	N
chr6:137470001-137750000	chr6	137470001	137750000	6q	q23.3			3	OLIG3,LINC03004,LINC02539	coding,nonCoding	protein_coding,lncRNA	N
chr6:143430001-143890000	chr6	143430001	143890000	6q	q24.2			7	FUCA2,PHACTR2,PHACTR2-AS1,ZC2HC1B,PEX3,LTV1,ADAT2	coding,nonCoding	protein_coding,lncRNA	N
chr6:144420001-144900000	chr6	144420001	144900000	6q	q24.2			1	UTRN	coding	protein_coding	Y
chr6:145800001-145970000	chr6	145800001	145970000	6q	q24.3			3	FBXO30,EPM2A-DT,SHPRH	coding,nonCoding	protein_coding,lncRNA	N
chr6:154130001-154230000	chr6	154130001	154230000	6q	q25.2			2	OPRM1,IPCEF1	coding,nonCoding	protein_coding	N
chr6:161420001-162170000	chr6	161420001	162170000	6q	q26	FRA6E		1	PRKN	coding,nonCoding	protein_coding	Y
chr6:162190001-162340000	chr6	162190001	162340000	6q	q26	FRA6E		1	PRKN	coding,nonCoding	protein_coding	Y
chr6:163720001-164230000	chr6	163720001	164230000	6q	q26	FRA6E		1	RN7SL366P	nonCoding	misc_RNA	N
chr6:167980001-168180000	chr6	167980001	168180000	6q	q27			3	KIF25,KIF25-AS1,FRMD1	coding,nonCoding	protein_coding,lncRNA	N
chr6:39660001-39960000	chr6	39660001	39960000	6p	p21.2			4	KIF6,MOCS1,DAAM2,DAAM2-AS1	coding,nonCoding	protein_coding,lncRNA	N
chr6:45460001-45640000	chr6	45460001	45640000	6p	p21.1			2	RUNX2,RUNX2-AS1	coding,nonCoding	protein_coding,lncRNA	N
chr6:47440001-47620000	chr6	47440001	47620000	6p	p12.3			2	CD2AP,CD2AP-DT	coding,nonCoding	protein_coding,lncRNA	N
chr6:79910001-80050000	chr6	79910001	80050000	6q	q14.1			2	ELOVL4,TTK	coding,nonCoding	protein_coding	N
chr6:83050001-83260000	chr6	83050001	83260000	6q	q14.1			5	DOP1A,PGM3,RWDD2A,UBE3D,ME1	coding,nonCoding	protein_coding	N
chr6:85470001-85640000	chr6	85470001	85640000	6q	q14.3		SNX14	3	SYNCRIP,SNX14,NT5E	coding,nonCoding	protein_coding	N
chr6:95540001-95630000	chr6	95540001	95630000	6q	q16.1			2	MANEA,MANEA-DT	coding,nonCoding	protein_coding,lncRNA	N
chr7:105080001-105240000	chr7	105080001	105240000	7q	q22.3	FRA7F		2	SRPK2,KMT2E	coding,nonCoding	protein_coding	N
chr7:10940001-11190000	chr7	10940001	11190000	7p	p21.3			2	NDUFA4,PHF14	coding,nonCoding	protein_coding	N
chr7:116810001-117160000	chr7	116810001	117160000	7q	q31.2	FRA7G		6	ST7-AS1,ST7-AS2,ST7,ST7-OT4,MIR6132,CAPZA2	nonCoding,coding	lncRNA,protein_coding,miRNA	N
chr7:12110001-12290000	chr7	12110001	12290000	7p	p21.3			1	TMEM106B	coding,nonCoding	protein_coding	N
chr7:131220001-131440000	chr7	131220001	131440000	7q	q32.3	FRA7H		2	MKLN1,MKLN1-AS	coding,nonCoding	protein_coding,lncRNA	N
chr7:157930001-158210000	chr7	157930001	158210000	7q	q36.3	FRA7I		1	PTPRN2	coding	protein_coding	Y
chr7:34030001-34150000	chr7	34030001	34150000	7p	p14.3			1	BMPER	coding,nonCoding	protein_coding	N
chr7:36250001-36460000	chr7	36250001	36460000	7p	p14.2	FRA7C		3	MATCAP2,ANLN,EEPD1	coding,nonCoding	protein_coding	N
chr7:36570001-36740000	chr7	36570001	36740000	7p	p14.2	FRA7C		2	AOAH,AOAH-IT1	coding,nonCoding	protein_coding,lncRNA	N
chr7:3970001-4510000	chr7	3970001	4510000	7p	p22.2	FRA7B		1	SDK1	coding,nonCoding	protein_coding	Y
chr7:7210001-7370000	chr7	7210001	7370000	7p	p21.3			3	C1GALT1,LINC03016,COL28A1	coding,nonCoding	protein_coding,lncRNA	N
chr7:7710001-8150000	chr7	7710001	8150000	7p	p21.3		GLCCI1	6	UMAD1,RNU6-534P,ICA1,RPA3,GLCCI1-DT,GLCCI1	coding,nonCoding	protein_coding,snRNA,lncRNA	N
chr7:87770001-87810000	chr7	87770001	87810000	7q	q21.12			1	RUNDC3B	coding,nonCoding	protein_coding	N
chr7:92000001-92470000	chr7	92000001	92470000	7q	q21.2	FRA7E		9	LRRD1,KRIT1,AKAP9,CYP51A1,CYP51A1-AS1,GATAD1,ERVW-1,MIR1285-1,ANKIB1	coding,nonCoding	protein_coding,lncRNA,miRNA	N
chr7:92520001-92920000	chr7	92520001	92920000	7q	q21.2	FRA7E		6	FAM133B,CDK6,PEX1,RBM48,RNU6-10P,CDK6-AS1	coding,nonCoding	protein_coding,snRNA,lncRNA	N
chr7:98340001-98830000	chr7	98340001	98830000	7q	q21.3	FRA7F		3	NPTX2,RNU6-393P,BAIAP2L1	coding,nonCoding	protein_coding,snRNA	N
chr8:100180001-100280000	chr8	100180001	100280000	8q	q22.2			2	SPAG1,RNF19A	coding,nonCoding	protein_coding	N
chr8:1170001-1360000	chr8	1170001	1360000	8p	p23.3			1	DLGAP2	coding,nonCoding	protein_coding	Y
chr8:124940001-125220000	chr8	124940001	125220000	8q	q24.13	FRA8C, FRA8E	SQLE	7	LINC00964,ZNF572,SQLE-DT,WASHC5,WASHC5-AS1,NSMCE2,SQLE	nonCoding,coding	lncRNA,protein_coding	N
chr8:125710001-126150000	chr8	125710001	126150000	8q	q24.13	FRA8C, FRA8E		3	LINC00861,RNU6-442P,LINC02964	nonCoding	lncRNA,snRNA	N
chr8:131850001-132010000	chr8	131850001	132010000	8q	q24.22			1	EFR3A	coding,nonCoding	protein_coding	N
chr8:138610001-138700000	chr8	138610001	138700000	8q	q24.23			1	COL22A1	coding	protein_coding	N
chr8:138710001-139310000	chr8	138710001	139310000	8q	q24.23	FRA8D		1	COL22A1	coding	protein_coding	N
chr8:141900001-142260000	chr8	141900001	142260000	8q	q24.3	FRA8D		4	LINC00051,TSNARE1,RN7SL260P,MIR4472-1	nonCoding,coding	lncRNA,protein_coding,misc_RNA,miRNA	N
chr8:28870001-29040000	chr8	28870001	29040000	8p	p21.1			3	INTS9,HMBOX1,HMBOX1-IT1	coding,nonCoding	protein_coding,lncRNA	N
chr8:58470001-58900000	chr8	58470001	58900000	8q	q12.1			5	NSMAF,TOX,SDCBP,CYP7A1,RNU4-50P	coding,nonCoding	protein_coding,snRNA	N
chr8:59030001-59170000	chr8	59030001	59170000	8q	q12.1			2	TOX,TOX-DT	coding,nonCoding	protein_coding,lncRNA	N
chr8:70290001-70710000	chr8	70290001	70710000	8q	q13.3			9	NCOA2,RNY3P14,XKR9,TRAM1,LACTB2-AS1,LINC03020,RN7SL203P,LACTB2,RN7SL19P	coding,nonCoding	protein_coding,misc_RNA,lncRNA	N
chr8:95020001-95160000	chr8	95020001	95160000	8q	q22.1	FRA8B	PLEKHF2	6	NDUFAF6,RNU6-1209P,MIR3150A,PLEKHF2,MIR3150BHG,MIR3150B	coding,nonCoding	protein_coding,snRNA,miRNA,lncRNA	N
chr9:117370001-117990000	chr9	117370001	117990000	9q	q33.1			3	RNU6-1082P,ASTN2,TLR4	nonCoding,coding	snRNA,protein_coding	N,Y
chr9:1230001-1450000	chr9	1230001	1450000	9p	p24.3			1				
chr9:134680001-135330000	chr9	134680001	135330000	9q	q34.3			11	MIR3689C,COL5A1,MIR3689D2,MIR3689A,MIR3689D1,MIR3689B,FCN1,MIR3689E,MIR3689F,FCN2,OLFM1	nonCoding,coding	miRNA,protein_coding	N
chr9:71600001-72000000	chr9	71600001	72000000	9q	q21.13			3	CEMIP2,ABHD17B,C9orf85	coding,nonCoding	protein_coding	N
chr9:85610001-85730000	chr9	85610001	85730000	9q	q21.33			1	AGTPBP1	coding	protein_coding	N
chr9:92290001-92410000	chr9	92290001	92410000	9q	q22.31			6	IARS1,MIR3651,NOL8,CENPP,OGN,SNORA84	coding,nonCoding	protein_coding,miRNA,snoRNA	N
